Log file open, 07/15/24 17:56:04
LogWindows: Failed to load 'aqProf.dll' (GetLastError=126)
LogWindows: File 'aqProf.dll' does not exist
LogWindows: Failed to load 'VtuneApi.dll' (GetLastError=126)
LogWindows: File 'VtuneApi.dll' does not exist
LogWindows: Failed to load 'VtuneApi32e.dll' (GetLastError=126)
LogWindows: File 'VtuneApi32e.dll' does not exist
LogConsoleResponse: Display: Failed to find resolution value strings in scalability ini. Falling back to default.
LogConsoleResponse: Display: Failed to find resolution value strings in scalability ini. Falling back to default.
LogInit: Display: Running engine for game: FlappyBird
LogPlatformFile: Not using cached read wrapper
LogTaskGraph: Started task graph with 5 named threads and 59 total threads with 3 sets of task threads.
LogStats: Stats thread started at 0.214629
LogICUInternationalization: ICU TimeZone Detection - Raw Offset: +9:00, Platform Override: ''
LogInit: Display: Loading text-based GConfig....
LogPluginManager: Mounting plugin MeshPainting
LogPluginManager: Mounting plugin XGEController
LogPluginManager: Mounting plugin Paper2D
LogPluginManager: Mounting plugin AISupport
LogPluginManager: Mounting plugin EnvironmentQueryEditor
LogPluginManager: Mounting plugin LightPropagationVolume
LogPluginManager: Mounting plugin LiveLink
LogPluginManager: Mounting plugin GameplayCameras
LogPluginManager: Mounting plugin CameraShakePreviewer
LogPluginManager: Mounting plugin OodleNetwork
LogPluginManager: Mounting plugin OodleData
LogPluginManager: Mounting plugin AssetManagerEditor
LogPluginManager: Mounting plugin CurveEditorTools
LogPluginManager: Mounting plugin DataValidation
LogPluginManager: Mounting plugin FacialAnimation
LogPluginManager: Mounting plugin CryptoKeys
LogPluginManager: Mounting plugin GameplayTagsEditor
LogPluginManager: Mounting plugin GeometryMode
LogPluginManager: Mounting plugin MacGraphicsSwitching
LogPluginManager: Mounting plugin MaterialAnalyzer
LogPluginManager: Mounting plugin MobileLauncherProfileWizard
LogPluginManager: Mounting plugin SpeedTreeImporter
LogPluginManager: Mounting plugin AnimationSharing
LogPluginManager: Mounting plugin CodeLiteSourceCodeAccess
LogPluginManager: Mounting plugin GitSourceControl
LogPluginManager: Mounting plugin PerforceSourceControl
LogPluginManager: Mounting plugin PixWinPlugin
LogPluginManager: Mounting plugin PlasticSourceControl
LogPluginManager: Mounting plugin NullSourceCodeAccess
LogPluginManager: Mounting plugin CLionSourceCodeAccess
LogPluginManager: Mounting plugin PropertyAccessNode
LogPluginManager: Mounting plugin RiderSourceCodeAccess
LogPluginManager: Mounting plugin PluginUtils
LogPluginManager: Mounting plugin SubversionSourceControl
LogPluginManager: Mounting plugin TextureFormatOodle
LogPluginManager: Mounting plugin KDevelopSourceCodeAccess
LogPluginManager: Mounting plugin UObjectPlugin
LogPluginManager: Mounting plugin PluginBrowser
LogPluginManager: Mounting plugin DatasmithContent
LogPluginManager: Mounting plugin VisualStudioCodeSourceCodeAccess
LogPluginManager: Mounting plugin VisualStudioSourceCodeAccess
LogPluginManager: Mounting plugin XCodeSourceCodeAccess
LogPluginManager: Mounting plugin Niagara
LogPluginManager: Mounting plugin VariantManagerContent
LogPluginManager: Mounting plugin LuminPlatformFeatures
LogPluginManager: Mounting plugin MagicLeap
LogPluginManager: Mounting plugin MagicLeapLightEstimation
LogPluginManager: Mounting plugin MagicLeapMedia
LogPluginManager: Mounting plugin AlembicImporter
LogPluginManager: Mounting plugin MagicLeapPassableWorld
LogPluginManager: Mounting plugin MLSDK
LogPluginManager: Mounting plugin AutomationUtils
LogPluginManager: Mounting plugin BackChannel
LogPluginManager: Mounting plugin ChaosCloth
LogPluginManager: Mounting plugin ChaosClothEditor
LogPluginManager: Mounting plugin ChaosNiagara
LogPluginManager: Mounting plugin ChaosSolverPlugin
LogPluginManager: Mounting plugin ChaosEditor
LogPluginManager: Mounting plugin CharacterAI
LogPluginManager: Mounting plugin AvfMedia
LogPluginManager: Mounting plugin MediaPlayerEditor
LogPluginManager: Mounting plugin WmfMedia
LogPluginManager: Mounting plugin WebMMedia
LogPluginManager: Mounting plugin GeometryCache
LogPluginManager: Mounting plugin MediaCompositing
LogPluginManager: Mounting plugin GeometryCollectionPlugin
LogPluginManager: Mounting plugin GeometryProcessing
LogPluginManager: Mounting plugin AndroidMedia
LogPluginManager: Mounting plugin ImgMedia
LogPluginManager: Mounting plugin PlatformCrypto
LogPluginManager: Mounting plugin PythonScriptPlugin
LogPluginManager: Mounting plugin ProxyLODPlugin
LogPluginManager: Mounting plugin OpenImageDenoise
LogPluginManager: Mounting plugin SkeletalReduction
LogPluginManager: Mounting plugin LevelSequenceEditor
LogPluginManager: Mounting plugin ActorSequence
LogPluginManager: Mounting plugin TcpMessaging
LogPluginManager: Mounting plugin PlanarCut
LogPluginManager: Mounting plugin MotoSynth
LogPluginManager: Mounting plugin UdpMessaging
LogPluginManager: Mounting plugin TemplateSequence
LogPluginManager: Mounting plugin MatineeToLevelSequence
LogPluginManager: Mounting plugin LauncherChunkInstaller
LogPluginManager: Mounting plugin OnlineSubsystem
LogPluginManager: Mounting plugin OnlineSubsystemNull
LogPluginManager: Mounting plugin OnlineSubsystemUtils
LogPluginManager: Mounting plugin ActorLayerUtilities
LogPluginManager: Mounting plugin AndroidPermission
LogPluginManager: Mounting plugin AndroidDeviceProfileSelector
LogPluginManager: Mounting plugin AndroidMoviePlayer
LogPluginManager: Mounting plugin AppleImageUtils
LogPluginManager: Mounting plugin ArchVisCharacter
LogPluginManager: Mounting plugin AudioCapture
LogPluginManager: Mounting plugin AppleMoviePlayer
LogPluginManager: Mounting plugin AssetTags
LogPluginManager: Mounting plugin ChunkDownloader
LogPluginManager: Mounting plugin CustomMeshComponent
LogPluginManager: Mounting plugin AudioSynesthesia
LogPluginManager: Mounting plugin EditableMesh
LogPluginManager: Mounting plugin ExampleDeviceProfileSelector
LogPluginManager: Mounting plugin ScreenshotTools
LogPluginManager: Mounting plugin GooglePAD
LogPluginManager: Mounting plugin CableComponent
LogPluginManager: Mounting plugin IOSDeviceProfileSelector
LogPluginManager: Mounting plugin LocationServicesBPLibrary
LogPluginManager: Mounting plugin MobilePatchingUtils
LogPluginManager: Mounting plugin OpenXR
LogPluginManager: Mounting plugin LinuxDeviceProfileSelector
LogPluginManager: Mounting plugin OpenXREyeTracker
LogPluginManager: Mounting plugin GoogleCloudMessaging
LogPluginManager: Mounting plugin PhysXVehicles
LogPluginManager: Mounting plugin PostSplashScreen
LogPluginManager: Mounting plugin RuntimePhysXCooking
LogPluginManager: Mounting plugin PropertyAccessEditor
LogPluginManager: Mounting plugin SignificanceManager
LogPluginManager: Mounting plugin SoundFields
LogPluginManager: Mounting plugin ProceduralMeshComponent
LogPluginManager: Mounting plugin Synthesis
LogPluginManager: Mounting plugin WebMMoviePlayer
LogPluginManager: Mounting plugin OpenXRHandTracking
LogPluginManager: Mounting plugin WindowsMoviePlayer
LogPluginManager: Mounting plugin Takes
LogPluginManager: Mounting plugin ContentBrowserAssetDataSource
LogPluginManager: Mounting plugin ContentBrowserClassDataSource
LogPluginManager: Mounting plugin ContentBrowserFileDataSource
LogPluginManager: Mounting plugin OnlineSubsystemIOS
LogPluginManager: Mounting plugin OnlineSubsystemGooglePlay
LogPluginManager: Mounting plugin OculusVR
LogPluginManager: Mounting plugin SteamVR
PixWinPlugin: PIX capture plugin failed to initialize! Check that the process is launched from PIX.
LogInit: Using libcurl 7.55.1-DEV
LogInit:  - built for x86_64-pc-win32
LogInit:  - supports SSL with OpenSSL/1.1.1
LogInit:  - supports HTTP deflate (compression) using libz 1.2.8
LogInit:  - other features:
LogInit:      CURL_VERSION_SSL
LogInit:      CURL_VERSION_LIBZ
LogInit:      CURL_VERSION_IPV6
LogInit:      CURL_VERSION_ASYNCHDNS
LogInit:      CURL_VERSION_LARGEFILE
LogInit:      CURL_VERSION_IDN
LogInit:  CurlRequestOptions (configurable via config and command line):
LogInit:  - bVerifyPeer = true  - Libcurl will verify peer certificate
LogInit:  - bUseHttpProxy = false  - Libcurl will NOT use HTTP proxy
LogInit:  - bDontReuseConnections = false  - Libcurl will reuse connections
LogInit:  - MaxHostConnections = 16  - Libcurl will limit the number of connections to a host
LogInit:  - LocalHostAddr = Default
LogInit:  - BufferSize = 65536
LogOnline: OSS: Creating online subsystem instance for: NULL
LogInit: WinSock: version 1.1 (2.2), MaxSocks=32767, MaxUdp=65467
LogOnline: OSS: TryLoadSubsystemAndSetDefault: Loaded subsystem for module [NULL]
LogOculusPluginWrapper: OculusPlugin initialized successfully
LogHMD: Failed initializing OVRPlugin 1.59.0
LogInit: Build: ++UE4+Release-4.27-CL-18319896
LogInit: Engine Version: 4.27.2-18319896+++UE4+Release-4.27
LogInit: Compatible Engine Version: 4.27.0-17155196+++UE4+Release-4.27
LogInit: Net CL: 17155196
LogInit: OS: Windows 10 (Release 2009) (), CPU: 13th Gen Intel(R) Core(TM) i7-13700H, GPU: Intel(R) Iris(R) Xe Graphics
LogInit: Compiled (64-bit): Nov 30 2021 07:12:08
LogInit: Compiled with Visual C++: 19.24.28315.00
LogInit: Build Configuration: Development
LogInit: Branch Name: ++UE4+Release-4.27
LogInit: Command Line:  /Game/2DSideScrollerBP/Maps/Game -game -PIEVIACONSOLE -Multiprocess "GameUserSettingsINI=C:/Users/g007a/OneDrive/Documents/Unreal Projects/FlappyBird/Saved/Config/Windows/PIEGameUserSettings0.ini" -MultiprocessSaveConfig -forcepassthrough -messaging -SessionName="Play in Standalone Game" -windowed -ResX=1280 -ResY=720
LogInit: Base Directory: C:/Program Files/Epic Games/UE_4.27/Engine/Binaries/Win64/
LogInit: Allocator: TBB
LogInit: Installed Engine Build: 1
LogDevObjectVersion: Number of dev versions registered: 29
LogDevObjectVersion:   Dev-Blueprints (B0D832E4-1F89-4F0D-ACCF-7EB736FD4AA2): 10
LogDevObjectVersion:   Dev-Build (E1C64328-A22C-4D53-A36C-8E866417BD8C): 0
LogDevObjectVersion:   Dev-Core (375EC13C-06E4-48FB-B500-84F0262A717E): 4
LogDevObjectVersion:   Dev-Editor (E4B068ED-F494-42E9-A231-DA0B2E46BB41): 40
LogDevObjectVersion:   Dev-Framework (CFFC743F-43B0-4480-9391-14DF171D2073): 37
LogDevObjectVersion:   Dev-Mobile (B02B49B5-BB20-44E9-A304-32B752E40360): 3
LogDevObjectVersion:   Dev-Networking (A4E4105C-59A1-49B5-A7C5-40C4547EDFEE): 0
LogDevObjectVersion:   Dev-Online (39C831C9-5AE6-47DC-9A44-9C173E1C8E7C): 0
LogDevObjectVersion:   Dev-Physics (78F01B33-EBEA-4F98-B9B4-84EACCB95AA2): 14
LogDevObjectVersion:   Dev-Platform (6631380F-2D4D-43E0-8009-CF276956A95A): 0
LogDevObjectVersion:   Dev-Rendering (12F88B9F-8875-4AFC-A67C-D90C383ABD29): 45
LogDevObjectVersion:   Dev-Sequencer (7B5AE74C-D270-4C10-A958-57980B212A5A): 13
LogDevObjectVersion:   Dev-VR (D7296918-1DD6-4BDD-9DE2-64A83CC13884): 3
LogDevObjectVersion:   Dev-LoadTimes (C2A15278-BFE7-4AFE-6C17-90FF531DF755): 1
LogDevObjectVersion:   Private-Geometry (6EACA3D4-40EC-4CC1-B786-8BED09428FC5): 3
LogDevObjectVersion:   Dev-AnimPhys (29E575DD-E0A3-4627-9D10-D276232CDCEA): 17
LogDevObjectVersion:   Dev-Anim (AF43A65D-7FD3-4947-9873-3E8ED9C1BB05): 15
LogDevObjectVersion:   Dev-ReflectionCapture (6B266CEC-1EC7-4B8F-A30B-E4D90942FC07): 1
LogDevObjectVersion:   Dev-Automation (0DF73D61-A23F-47EA-B727-89E90C41499A): 1
LogDevObjectVersion:   FortniteMain (601D1886-AC64-4F84-AA16-D3DE0DEAC7D6): 47
LogDevObjectVersion:   FortniteRelease (E7086368-6B23-4C58-8439-1B7016265E91): 1
LogDevObjectVersion:   Dev-Enterprise (9DFFBCD6-494F-0158-E221-12823C92A888): 10
LogDevObjectVersion:   Dev-Niagara (F2AED0AC-9AFE-416F-8664-AA7FFA26D6FC): 1
LogDevObjectVersion:   Dev-Destruction (174F1F0B-B4C6-45A5-B13F-2EE8D0FB917D): 10
LogDevObjectVersion:   Dev-Physics-Ext (35F94A83-E258-406C-A318-09F59610247C): 41
LogDevObjectVersion:   Dev-PhysicsMaterial-Chaos (B68FC16E-8B1B-42E2-B453-215C058844FE): 1
LogDevObjectVersion:   Dev-CineCamera (B2E18506-4273-CFC2-A54E-F4BB758BBA07): 1
LogDevObjectVersion:   Dev-VirtualProduction (64F58936-FD1B-42BA-BA96-7289D5D0FA4E): 1
LogDevObjectVersion:   Dev-MediaFramework (6F0ED827-A609-4895-9C91-998D90180EA4): 2
LogInit: Presizing for max 25165824 objects, including 0 objects not considered by GC, pre-allocating 0 bytes for permanent pool.
LogConfig: Applying CVar settings from Section [/Script/Engine.StreamingSettings] File [C:/Users/g007a/OneDrive/Documents/Unreal Projects/FlappyBird/Saved/Config/Windows/Engine.ini]
LogConfig: Setting CVar [[s.MinBulkDataSizeForAsyncLoading:131072]]
LogConfig: Setting CVar [[s.AsyncLoadingThreadEnabled:0]]
LogConfig: Setting CVar [[s.EventDrivenLoaderEnabled:1]]
LogConfig: Setting CVar [[s.WarnIfTimeLimitExceeded:0]]
LogConfig: Setting CVar [[s.TimeLimitExceededMultiplier:1.5]]
LogConfig: Setting CVar [[s.TimeLimitExceededMinTime:0.005]]
LogConfig: Setting CVar [[s.UseBackgroundLevelStreaming:1]]
LogConfig: Setting CVar [[s.PriorityAsyncLoadingExtraTime:15.0]]
LogConfig: Setting CVar [[s.LevelStreamingActorsUpdateTimeLimit:5.0]]
LogConfig: Setting CVar [[s.PriorityLevelStreamingActorsUpdateExtraTime:5.0]]
LogConfig: Setting CVar [[s.LevelStreamingComponentsRegistrationGranularity:10]]
LogConfig: Setting CVar [[s.UnregisterComponentsTimeLimit:1.0]]
LogConfig: Setting CVar [[s.LevelStreamingComponentsUnregistrationGranularity:5]]
LogConfig: Setting CVar [[s.FlushStreamingOnExit:1]]
LogInit: Object subsystem initialized
LogConfig: Setting CVar [[con.DebugEarlyDefault:1]]
LogConfig: Setting CVar [[r.setres:1280x720]]
[2024.07.15-08.56.04:965][  0]LogConfig: Setting CVar [[con.DebugEarlyDefault:1]]
[2024.07.15-08.56.04:965][  0]LogConfig: Setting CVar [[r.setres:1280x720]]
[2024.07.15-08.56.04:965][  0]LogConfig: Applying CVar settings from Section [/Script/Engine.RendererSettings] File [C:/Users/g007a/OneDrive/Documents/Unreal Projects/FlappyBird/Saved/Config/Windows/Engine.ini]
[2024.07.15-08.56.04:965][  0]LogConfig: Setting CVar [[r.GPUCrashDebugging:0]]
[2024.07.15-08.56.04:965][  0]LogConfig: Setting CVar [[r.MobileHDR:0]]
[2024.07.15-08.56.04:965][  0]LogConfig: Applying CVar settings from Section [/Script/Engine.RendererOverrideSettings] File [C:/Users/g007a/OneDrive/Documents/Unreal Projects/FlappyBird/Saved/Config/Windows/Engine.ini]
[2024.07.15-08.56.04:965][  0]LogConfig: Applying CVar settings from Section [/Script/Engine.StreamingSettings] File [C:/Users/g007a/OneDrive/Documents/Unreal Projects/FlappyBird/Saved/Config/Windows/Engine.ini]
[2024.07.15-08.56.04:965][  0]LogConfig: Setting CVar [[s.MinBulkDataSizeForAsyncLoading:131072]]
[2024.07.15-08.56.04:965][  0]LogConfig: Setting CVar [[s.AsyncLoadingThreadEnabled:0]]
[2024.07.15-08.56.04:965][  0]LogConfig: Setting CVar [[s.EventDrivenLoaderEnabled:1]]
[2024.07.15-08.56.04:965][  0]LogConfig: Setting CVar [[s.WarnIfTimeLimitExceeded:0]]
[2024.07.15-08.56.04:965][  0]LogConfig: Setting CVar [[s.TimeLimitExceededMultiplier:1.5]]
[2024.07.15-08.56.04:965][  0]LogConfig: Setting CVar [[s.TimeLimitExceededMinTime:0.005]]
[2024.07.15-08.56.04:965][  0]LogConfig: Setting CVar [[s.UseBackgroundLevelStreaming:1]]
[2024.07.15-08.56.04:965][  0]LogConfig: Setting CVar [[s.PriorityAsyncLoadingExtraTime:15.0]]
[2024.07.15-08.56.04:965][  0]LogConfig: Setting CVar [[s.LevelStreamingActorsUpdateTimeLimit:5.0]]
[2024.07.15-08.56.04:965][  0]LogConfig: Setting CVar [[s.PriorityLevelStreamingActorsUpdateExtraTime:5.0]]
[2024.07.15-08.56.04:965][  0]LogConfig: Setting CVar [[s.LevelStreamingComponentsRegistrationGranularity:10]]
[2024.07.15-08.56.04:965][  0]LogConfig: Setting CVar [[s.UnregisterComponentsTimeLimit:1.0]]
[2024.07.15-08.56.04:965][  0]LogConfig: Setting CVar [[s.LevelStreamingComponentsUnregistrationGranularity:5]]
[2024.07.15-08.56.04:965][  0]LogConfig: Setting CVar [[s.FlushStreamingOnExit:1]]
[2024.07.15-08.56.04:965][  0]LogConfig: Applying CVar settings from Section [/Script/Engine.GarbageCollectionSettings] File [C:/Users/g007a/OneDrive/Documents/Unreal Projects/FlappyBird/Saved/Config/Windows/Engine.ini]
[2024.07.15-08.56.04:965][  0]LogConfig: Setting CVar [[gc.MaxObjectsNotConsideredByGC:1]]
[2024.07.15-08.56.04:965][  0]LogConfig: Setting CVar [[gc.SizeOfPermanentObjectPool:0]]
[2024.07.15-08.56.04:965][  0]LogConfig: Setting CVar [[gc.FlushStreamingOnGC:0]]
[2024.07.15-08.56.04:965][  0]LogConfig: Setting CVar [[gc.NumRetriesBeforeForcingGC:10]]
[2024.07.15-08.56.04:965][  0]LogConfig: Setting CVar [[gc.AllowParallelGC:1]]
[2024.07.15-08.56.04:965][  0]LogConfig: Setting CVar [[gc.TimeBetweenPurgingPendingKillObjects:61.1]]
[2024.07.15-08.56.04:965][  0]LogConfig: Setting CVar [[gc.MaxObjectsInEditor:25165824]]
[2024.07.15-08.56.04:965][  0]LogConfig: Setting CVar [[gc.IncrementalBeginDestroyEnabled:1]]
[2024.07.15-08.56.04:965][  0]LogConfig: Setting CVar [[gc.CreateGCClusters:1]]
[2024.07.15-08.56.04:965][  0]LogConfig: Setting CVar [[gc.MinGCClusterSize:5]]
[2024.07.15-08.56.04:965][  0]LogConfig: Setting CVar [[gc.ActorClusteringEnabled:0]]
[2024.07.15-08.56.04:965][  0]LogConfig: Setting CVar [[gc.BlueprintClusteringEnabled:0]]
[2024.07.15-08.56.04:965][  0]LogConfig: Setting CVar [[gc.UseDisregardForGCOnDedicatedServers:0]]
[2024.07.15-08.56.04:965][  0]LogConfig: Setting CVar [[gc.MultithreadedDestructionEnabled:1]]
[2024.07.15-08.56.04:965][  0]LogConfig: Applying CVar settings from Section [/Script/Engine.NetworkSettings] File [C:/Users/g007a/OneDrive/Documents/Unreal Projects/FlappyBird/Saved/Config/Windows/Engine.ini]
[2024.07.15-08.56.04:965][  0]LogConfig: Applying CVar settings from Section [/Script/UnrealEd.CookerSettings] File [C:/Users/g007a/OneDrive/Documents/Unreal Projects/FlappyBird/Saved/Config/Windows/Engine.ini]
[2024.07.15-08.56.04:972][  0]LogConfig: Applying CVar settings from Section [ViewDistanceQuality@3] File [C:/Users/g007a/OneDrive/Documents/Unreal Projects/FlappyBird/Saved/Config/Windows/Scalability.ini]
[2024.07.15-08.56.04:972][  0]LogConfig: Setting CVar [[r.SkeletalMeshLODBias:0]]
[2024.07.15-08.56.04:972][  0]LogConfig: Setting CVar [[r.ViewDistanceScale:1.0]]
[2024.07.15-08.56.04:972][  0]LogConfig: Applying CVar settings from Section [AntiAliasingQuality@3] File [C:/Users/g007a/OneDrive/Documents/Unreal Projects/FlappyBird/Saved/Config/Windows/Scalability.ini]
[2024.07.15-08.56.04:972][  0]LogConfig: Setting CVar [[r.PostProcessAAQuality:4]]
[2024.07.15-08.56.04:972][  0]LogConfig: Applying CVar settings from Section [ShadowQuality@3] File [C:/Users/g007a/OneDrive/Documents/Unreal Projects/FlappyBird/Saved/Config/Windows/Scalability.ini]
[2024.07.15-08.56.04:972][  0]LogConfig: Setting CVar [[r.LightFunctionQuality:1]]
[2024.07.15-08.56.04:972][  0]LogConfig: Setting CVar [[r.ShadowQuality:5]]
[2024.07.15-08.56.04:972][  0]LogConfig: Setting CVar [[r.Shadow.CSM.MaxCascades:10]]
[2024.07.15-08.56.04:972][  0]LogConfig: Setting CVar [[r.Shadow.MaxResolution:2048]]
[2024.07.15-08.56.04:972][  0]LogConfig: Setting CVar [[r.Shadow.MaxCSMResolution:2048]]
[2024.07.15-08.56.04:972][  0]LogConfig: Setting CVar [[r.Shadow.RadiusThreshold:0.01]]
[2024.07.15-08.56.04:972][  0]LogConfig: Setting CVar [[r.Shadow.DistanceScale:1.0]]
[2024.07.15-08.56.04:972][  0]LogConfig: Setting CVar [[r.Shadow.CSM.TransitionScale:1.0]]
[2024.07.15-08.56.04:972][  0]LogConfig: Setting CVar [[r.Shadow.PreShadowResolutionFactor:1.0]]
[2024.07.15-08.56.04:972][  0]LogConfig: Setting CVar [[r.DistanceFieldShadowing:1]]
[2024.07.15-08.56.04:972][  0]LogConfig: Setting CVar [[r.DistanceFieldAO:1]]
[2024.07.15-08.56.04:972][  0]LogConfig: Setting CVar [[r.AOQuality:2]]
[2024.07.15-08.56.04:972][  0]LogConfig: Setting CVar [[r.VolumetricFog:1]]
[2024.07.15-08.56.04:972][  0]LogConfig: Setting CVar [[r.VolumetricFog.GridPixelSize:8]]
[2024.07.15-08.56.04:972][  0]LogConfig: Setting CVar [[r.VolumetricFog.GridSizeZ:128]]
[2024.07.15-08.56.04:972][  0]LogConfig: Setting CVar [[r.VolumetricFog.HistoryMissSupersampleCount:4]]
[2024.07.15-08.56.04:972][  0]LogConfig: Setting CVar [[r.LightMaxDrawDistanceScale:1]]
[2024.07.15-08.56.04:972][  0]LogConfig: Setting CVar [[r.CapsuleShadows:1]]
[2024.07.15-08.56.04:972][  0]LogConfig: Applying CVar settings from Section [PostProcessQuality@3] File [C:/Users/g007a/OneDrive/Documents/Unreal Projects/FlappyBird/Saved/Config/Windows/Scalability.ini]
[2024.07.15-08.56.04:972][  0]LogConfig: Setting CVar [[r.MotionBlurQuality:4]]
[2024.07.15-08.56.04:972][  0]LogConfig: Setting CVar [[r.AmbientOcclusionMipLevelFactor:0.4]]
[2024.07.15-08.56.04:972][  0]LogConfig: Setting CVar [[r.AmbientOcclusionMaxQuality:100]]
[2024.07.15-08.56.04:972][  0]LogConfig: Setting CVar [[r.AmbientOcclusionLevels:-1]]
[2024.07.15-08.56.04:972][  0]LogConfig: Setting CVar [[r.AmbientOcclusionRadiusScale:1.0]]
[2024.07.15-08.56.04:972][  0]LogConfig: Setting CVar [[r.DepthOfFieldQuality:2]]
[2024.07.15-08.56.04:972][  0]LogConfig: Setting CVar [[r.RenderTargetPoolMin:400]]
[2024.07.15-08.56.04:972][  0]LogConfig: Setting CVar [[r.LensFlareQuality:2]]
[2024.07.15-08.56.04:972][  0]LogConfig: Setting CVar [[r.SceneColorFringeQuality:1]]
[2024.07.15-08.56.04:972][  0]LogConfig: Setting CVar [[r.EyeAdaptationQuality:2]]
[2024.07.15-08.56.04:972][  0]LogConfig: Setting CVar [[r.BloomQuality:5]]
[2024.07.15-08.56.04:972][  0]LogConfig: Setting CVar [[r.FastBlurThreshold:100]]
[2024.07.15-08.56.04:972][  0]LogConfig: Setting CVar [[r.Upscale.Quality:3]]
[2024.07.15-08.56.04:972][  0]LogConfig: Setting CVar [[r.Tonemapper.GrainQuantization:1]]
[2024.07.15-08.56.04:972][  0]LogConfig: Setting CVar [[r.LightShaftQuality:1]]
[2024.07.15-08.56.04:972][  0]LogConfig: Setting CVar [[r.Filter.SizeScale:1]]
[2024.07.15-08.56.04:972][  0]LogConfig: Setting CVar [[r.Tonemapper.Quality:5]]
[2024.07.15-08.56.04:972][  0]LogConfig: Setting CVar [[r.DOF.Gather.AccumulatorQuality:1        ; higher gathering accumulator quality]]
[2024.07.15-08.56.04:972][  0]LogConfig: Setting CVar [[r.DOF.Gather.PostfilterMethod:1          ; Median3x3 postfilering method]]
[2024.07.15-08.56.04:972][  0]LogConfig: Setting CVar [[r.DOF.Gather.EnableBokehSettings:0       ; no bokeh simulation when gathering]]
[2024.07.15-08.56.04:972][  0]LogConfig: Setting CVar [[r.DOF.Gather.RingCount:4                 ; medium number of samples when gathering]]
[2024.07.15-08.56.04:972][  0]LogConfig: Setting CVar [[r.DOF.Scatter.ForegroundCompositing:1    ; additive foreground scattering]]
[2024.07.15-08.56.04:972][  0]LogConfig: Setting CVar [[r.DOF.Scatter.BackgroundCompositing:2    ; additive background scattering]]
[2024.07.15-08.56.04:972][  0]LogConfig: Setting CVar [[r.DOF.Scatter.EnableBokehSettings:1      ; bokeh simulation when scattering]]
[2024.07.15-08.56.04:972][  0]LogConfig: Setting CVar [[r.DOF.Scatter.MaxSpriteRatio:0.1         ; only a maximum of 10% of scattered bokeh]]
[2024.07.15-08.56.04:972][  0]LogConfig: Setting CVar [[r.DOF.Recombine.Quality:1                ; cheap slight out of focus]]
[2024.07.15-08.56.04:972][  0]LogConfig: Setting CVar [[r.DOF.Recombine.EnableBokehSettings:0    ; no bokeh simulation on slight out of focus]]
[2024.07.15-08.56.04:972][  0]LogConfig: Setting CVar [[r.DOF.TemporalAAQuality:1                ; more stable temporal accumulation]]
[2024.07.15-08.56.04:972][  0]LogConfig: Setting CVar [[r.DOF.Kernel.MaxForegroundRadius:0.025]]
[2024.07.15-08.56.04:972][  0]LogConfig: Setting CVar [[r.DOF.Kernel.MaxBackgroundRadius:0.025]]
[2024.07.15-08.56.04:972][  0]LogConfig: Applying CVar settings from Section [TextureQuality@3] File [C:/Users/g007a/OneDrive/Documents/Unreal Projects/FlappyBird/Saved/Config/Windows/Scalability.ini]
[2024.07.15-08.56.04:972][  0]LogConfig: Setting CVar [[r.Streaming.MipBias:0]]
[2024.07.15-08.56.04:972][  0]LogConfig: Setting CVar [[r.Streaming.AmortizeCPUToGPUCopy:0]]
[2024.07.15-08.56.04:972][  0]LogConfig: Setting CVar [[r.Streaming.MaxNumTexturesToStreamPerFrame:0]]
[2024.07.15-08.56.04:972][  0]LogConfig: Setting CVar [[r.Streaming.Boost:1]]
[2024.07.15-08.56.04:972][  0]LogConfig: Setting CVar [[r.MaxAnisotropy:8]]
[2024.07.15-08.56.04:972][  0]LogConfig: Setting CVar [[r.VT.MaxAnisotropy:8]]
[2024.07.15-08.56.04:972][  0]LogConfig: Setting CVar [[r.Streaming.LimitPoolSizeToVRAM:0]]
[2024.07.15-08.56.04:972][  0]LogConfig: Setting CVar [[r.Streaming.PoolSize:1000]]
[2024.07.15-08.56.04:972][  0]LogConfig: Setting CVar [[r.Streaming.MaxEffectiveScreenSize:0]]
[2024.07.15-08.56.04:972][  0]LogConfig: Applying CVar settings from Section [EffectsQuality@3] File [C:/Users/g007a/OneDrive/Documents/Unreal Projects/FlappyBird/Saved/Config/Windows/Scalability.ini]
[2024.07.15-08.56.04:972][  0]LogConfig: Setting CVar [[r.TranslucencyLightingVolumeDim:64]]
[2024.07.15-08.56.04:972][  0]LogConfig: Setting CVar [[r.RefractionQuality:2]]
[2024.07.15-08.56.04:972][  0]LogConfig: Setting CVar [[r.SSR.Quality:3]]
[2024.07.15-08.56.04:972][  0]LogConfig: Setting CVar [[r.SSR.HalfResSceneColor:0]]
[2024.07.15-08.56.04:972][  0]LogConfig: Setting CVar [[r.SceneColorFormat:4]]
[2024.07.15-08.56.04:972][  0]LogConfig: Setting CVar [[r.DetailMode:2]]
[2024.07.15-08.56.04:972][  0]LogConfig: Setting CVar [[r.TranslucencyVolumeBlur:1]]
[2024.07.15-08.56.04:972][  0]LogConfig: Setting CVar [[r.MaterialQualityLevel:1 ; High quality]]
[2024.07.15-08.56.04:972][  0]LogConfig: Setting CVar [[r.AnisotropicMaterials:1]]
[2024.07.15-08.56.04:972][  0]LogConfig: Setting CVar [[r.SSS.Scale:1]]
[2024.07.15-08.56.04:972][  0]LogConfig: Setting CVar [[r.SSS.SampleSet:2]]
[2024.07.15-08.56.04:972][  0]LogConfig: Setting CVar [[r.SSS.Quality:1]]
[2024.07.15-08.56.04:972][  0]LogConfig: Setting CVar [[r.SSS.HalfRes:0]]
[2024.07.15-08.56.04:972][  0]LogConfig: Setting CVar [[r.SSGI.Quality:3]]
[2024.07.15-08.56.04:972][  0]LogConfig: Setting CVar [[r.EmitterSpawnRateScale:1.0]]
[2024.07.15-08.56.04:972][  0]LogConfig: Setting CVar [[r.ParticleLightQuality:2]]
[2024.07.15-08.56.04:972][  0]LogConfig: Setting CVar [[r.SkyAtmosphere.AerialPerspectiveLUT.FastApplyOnOpaque:1 ; Always have FastSkyLUT 1 in this case to avoid wrong sky]]
[2024.07.15-08.56.04:972][  0]LogConfig: Setting CVar [[r.SkyAtmosphere.AerialPerspectiveLUT.SampleCountMaxPerSlice:4]]
[2024.07.15-08.56.04:972][  0]LogConfig: Setting CVar [[r.SkyAtmosphere.AerialPerspectiveLUT.DepthResolution:16.0]]
[2024.07.15-08.56.04:972][  0]LogConfig: Setting CVar [[r.SkyAtmosphere.FastSkyLUT:1]]
[2024.07.15-08.56.04:972][  0]LogConfig: Setting CVar [[r.SkyAtmosphere.FastSkyLUT.SampleCountMin:4.0]]
[2024.07.15-08.56.04:972][  0]LogConfig: Setting CVar [[r.SkyAtmosphere.FastSkyLUT.SampleCountMax:128.0]]
[2024.07.15-08.56.04:972][  0]LogConfig: Setting CVar [[r.SkyAtmosphere.SampleCountMin:4.0]]
[2024.07.15-08.56.04:972][  0]LogConfig: Setting CVar [[r.SkyAtmosphere.SampleCountMax:128.0]]
[2024.07.15-08.56.04:972][  0]LogConfig: Setting CVar [[r.SkyAtmosphere.TransmittanceLUT.UseSmallFormat:0]]
[2024.07.15-08.56.04:972][  0]LogConfig: Setting CVar [[r.SkyAtmosphere.TransmittanceLUT.SampleCount:10.0]]
[2024.07.15-08.56.04:972][  0]LogConfig: Setting CVar [[r.SkyAtmosphere.MultiScatteringLUT.SampleCount:15.0]]
[2024.07.15-08.56.04:972][  0]LogConfig: Setting CVar [[r.SkyLight.RealTimeReflectionCapture:1]]
[2024.07.15-08.56.04:972][  0]LogConfig: Applying CVar settings from Section [FoliageQuality@3] File [C:/Users/g007a/OneDrive/Documents/Unreal Projects/FlappyBird/Saved/Config/Windows/Scalability.ini]
[2024.07.15-08.56.04:972][  0]LogConfig: Setting CVar [[foliage.DensityScale:1.0]]
[2024.07.15-08.56.04:972][  0]LogConfig: Setting CVar [[grass.DensityScale:1.0]]
[2024.07.15-08.56.04:972][  0]LogConfig: Applying CVar settings from Section [ShadingQuality@3] File [C:/Users/g007a/OneDrive/Documents/Unreal Projects/FlappyBird/Saved/Config/Windows/Scalability.ini]
[2024.07.15-08.56.04:972][  0]LogConfig: Setting CVar [[r.HairStrands.SkyLighting.IntegrationType:2]]
[2024.07.15-08.56.04:972][  0]LogConfig: Setting CVar [[r.HairStrands.SkyAO.SampleCount:4]]
[2024.07.15-08.56.04:972][  0]LogConfig: Setting CVar [[r.HairStrands.Visibility.MSAA.SamplePerPixel:4]]
[2024.07.15-08.56.04:973][  0]LogInit: Selected Device Profile: [Windows]
[2024.07.15-08.56.04:973][  0]LogInit: Applying CVar settings loaded from the selected device profile: [Windows]
[2024.07.15-08.56.04:973][  0]LogHAL: Display: Platform has ~ 32 GB [34075353088 / 34359738368 / 32], which maps to Largest [LargestMinGB=32, LargerMinGB=12, DefaultMinGB=8, SmallerMinGB=6, SmallestMinGB=0)
[2024.07.15-08.56.04:973][  0]LogInit: Going up to parent DeviceProfile []
[2024.07.15-08.56.04:973][  0]LogConfig: Applying CVar settings from Section [ViewDistanceQuality@3] File [C:/Users/g007a/OneDrive/Documents/Unreal Projects/FlappyBird/Saved/Config/Windows/Scalability.ini]
[2024.07.15-08.56.04:973][  0]LogConfig: Setting CVar [[r.SkeletalMeshLODBias:0]]
[2024.07.15-08.56.04:973][  0]LogConfig: Setting CVar [[r.ViewDistanceScale:1.0]]
[2024.07.15-08.56.04:973][  0]LogConfig: Applying CVar settings from Section [AntiAliasingQuality@3] File [C:/Users/g007a/OneDrive/Documents/Unreal Projects/FlappyBird/Saved/Config/Windows/Scalability.ini]
[2024.07.15-08.56.04:973][  0]LogConfig: Setting CVar [[r.PostProcessAAQuality:4]]
[2024.07.15-08.56.04:973][  0]LogConfig: Applying CVar settings from Section [ShadowQuality@3] File [C:/Users/g007a/OneDrive/Documents/Unreal Projects/FlappyBird/Saved/Config/Windows/Scalability.ini]
[2024.07.15-08.56.04:973][  0]LogConfig: Setting CVar [[r.LightFunctionQuality:1]]
[2024.07.15-08.56.04:973][  0]LogConfig: Setting CVar [[r.ShadowQuality:5]]
[2024.07.15-08.56.04:973][  0]LogConfig: Setting CVar [[r.Shadow.CSM.MaxCascades:10]]
[2024.07.15-08.56.04:973][  0]LogConfig: Setting CVar [[r.Shadow.MaxResolution:2048]]
[2024.07.15-08.56.04:973][  0]LogConfig: Setting CVar [[r.Shadow.MaxCSMResolution:2048]]
[2024.07.15-08.56.04:973][  0]LogConfig: Setting CVar [[r.Shadow.RadiusThreshold:0.01]]
[2024.07.15-08.56.04:973][  0]LogConfig: Setting CVar [[r.Shadow.DistanceScale:1.0]]
[2024.07.15-08.56.04:973][  0]LogConfig: Setting CVar [[r.Shadow.CSM.TransitionScale:1.0]]
[2024.07.15-08.56.04:973][  0]LogConfig: Setting CVar [[r.Shadow.PreShadowResolutionFactor:1.0]]
[2024.07.15-08.56.04:973][  0]LogConfig: Setting CVar [[r.DistanceFieldShadowing:1]]
[2024.07.15-08.56.04:973][  0]LogConfig: Setting CVar [[r.DistanceFieldAO:1]]
[2024.07.15-08.56.04:973][  0]LogConfig: Setting CVar [[r.AOQuality:2]]
[2024.07.15-08.56.04:973][  0]LogConfig: Setting CVar [[r.VolumetricFog:1]]
[2024.07.15-08.56.04:973][  0]LogConfig: Setting CVar [[r.VolumetricFog.GridPixelSize:8]]
[2024.07.15-08.56.04:973][  0]LogConfig: Setting CVar [[r.VolumetricFog.GridSizeZ:128]]
[2024.07.15-08.56.04:973][  0]LogConfig: Setting CVar [[r.VolumetricFog.HistoryMissSupersampleCount:4]]
[2024.07.15-08.56.04:973][  0]LogConfig: Setting CVar [[r.LightMaxDrawDistanceScale:1]]
[2024.07.15-08.56.04:973][  0]LogConfig: Setting CVar [[r.CapsuleShadows:1]]
[2024.07.15-08.56.04:973][  0]LogConfig: Applying CVar settings from Section [PostProcessQuality@3] File [C:/Users/g007a/OneDrive/Documents/Unreal Projects/FlappyBird/Saved/Config/Windows/Scalability.ini]
[2024.07.15-08.56.04:973][  0]LogConfig: Setting CVar [[r.MotionBlurQuality:4]]
[2024.07.15-08.56.04:973][  0]LogConfig: Setting CVar [[r.AmbientOcclusionMipLevelFactor:0.4]]
[2024.07.15-08.56.04:973][  0]LogConfig: Setting CVar [[r.AmbientOcclusionMaxQuality:100]]
[2024.07.15-08.56.04:973][  0]LogConfig: Setting CVar [[r.AmbientOcclusionLevels:-1]]
[2024.07.15-08.56.04:973][  0]LogConfig: Setting CVar [[r.AmbientOcclusionRadiusScale:1.0]]
[2024.07.15-08.56.04:973][  0]LogConfig: Setting CVar [[r.DepthOfFieldQuality:2]]
[2024.07.15-08.56.04:973][  0]LogConfig: Setting CVar [[r.RenderTargetPoolMin:400]]
[2024.07.15-08.56.04:973][  0]LogConfig: Setting CVar [[r.LensFlareQuality:2]]
[2024.07.15-08.56.04:973][  0]LogConfig: Setting CVar [[r.SceneColorFringeQuality:1]]
[2024.07.15-08.56.04:973][  0]LogConfig: Setting CVar [[r.EyeAdaptationQuality:2]]
[2024.07.15-08.56.04:973][  0]LogConfig: Setting CVar [[r.BloomQuality:5]]
[2024.07.15-08.56.04:973][  0]LogConfig: Setting CVar [[r.FastBlurThreshold:100]]
[2024.07.15-08.56.04:973][  0]LogConfig: Setting CVar [[r.Upscale.Quality:3]]
[2024.07.15-08.56.04:973][  0]LogConfig: Setting CVar [[r.Tonemapper.GrainQuantization:1]]
[2024.07.15-08.56.04:973][  0]LogConfig: Setting CVar [[r.LightShaftQuality:1]]
[2024.07.15-08.56.04:973][  0]LogConfig: Setting CVar [[r.Filter.SizeScale:1]]
[2024.07.15-08.56.04:973][  0]LogConfig: Setting CVar [[r.Tonemapper.Quality:5]]
[2024.07.15-08.56.04:973][  0]LogConfig: Setting CVar [[r.DOF.Gather.AccumulatorQuality:1        ; higher gathering accumulator quality]]
[2024.07.15-08.56.04:973][  0]LogConfig: Setting CVar [[r.DOF.Gather.PostfilterMethod:1          ; Median3x3 postfilering method]]
[2024.07.15-08.56.04:973][  0]LogConfig: Setting CVar [[r.DOF.Gather.EnableBokehSettings:0       ; no bokeh simulation when gathering]]
[2024.07.15-08.56.04:973][  0]LogConfig: Setting CVar [[r.DOF.Gather.RingCount:4                 ; medium number of samples when gathering]]
[2024.07.15-08.56.04:973][  0]LogConfig: Setting CVar [[r.DOF.Scatter.ForegroundCompositing:1    ; additive foreground scattering]]
[2024.07.15-08.56.04:973][  0]LogConfig: Setting CVar [[r.DOF.Scatter.BackgroundCompositing:2    ; additive background scattering]]
[2024.07.15-08.56.04:973][  0]LogConfig: Setting CVar [[r.DOF.Scatter.EnableBokehSettings:1      ; bokeh simulation when scattering]]
[2024.07.15-08.56.04:973][  0]LogConfig: Setting CVar [[r.DOF.Scatter.MaxSpriteRatio:0.1         ; only a maximum of 10% of scattered bokeh]]
[2024.07.15-08.56.04:973][  0]LogConfig: Setting CVar [[r.DOF.Recombine.Quality:1                ; cheap slight out of focus]]
[2024.07.15-08.56.04:973][  0]LogConfig: Setting CVar [[r.DOF.Recombine.EnableBokehSettings:0    ; no bokeh simulation on slight out of focus]]
[2024.07.15-08.56.04:973][  0]LogConfig: Setting CVar [[r.DOF.TemporalAAQuality:1                ; more stable temporal accumulation]]
[2024.07.15-08.56.04:973][  0]LogConfig: Setting CVar [[r.DOF.Kernel.MaxForegroundRadius:0.025]]
[2024.07.15-08.56.04:973][  0]LogConfig: Setting CVar [[r.DOF.Kernel.MaxBackgroundRadius:0.025]]
[2024.07.15-08.56.04:973][  0]LogConfig: Applying CVar settings from Section [TextureQuality@3] File [C:/Users/g007a/OneDrive/Documents/Unreal Projects/FlappyBird/Saved/Config/Windows/Scalability.ini]
[2024.07.15-08.56.04:973][  0]LogConfig: Setting CVar [[r.Streaming.MipBias:0]]
[2024.07.15-08.56.04:973][  0]LogConfig: Setting CVar [[r.Streaming.AmortizeCPUToGPUCopy:0]]
[2024.07.15-08.56.04:973][  0]LogConfig: Setting CVar [[r.Streaming.MaxNumTexturesToStreamPerFrame:0]]
[2024.07.15-08.56.04:973][  0]LogConfig: Setting CVar [[r.Streaming.Boost:1]]
[2024.07.15-08.56.04:973][  0]LogConfig: Setting CVar [[r.MaxAnisotropy:8]]
[2024.07.15-08.56.04:973][  0]LogConfig: Setting CVar [[r.VT.MaxAnisotropy:8]]
[2024.07.15-08.56.04:973][  0]LogConfig: Setting CVar [[r.Streaming.LimitPoolSizeToVRAM:0]]
[2024.07.15-08.56.04:973][  0]LogConfig: Setting CVar [[r.Streaming.PoolSize:1000]]
[2024.07.15-08.56.04:973][  0]LogConfig: Setting CVar [[r.Streaming.MaxEffectiveScreenSize:0]]
[2024.07.15-08.56.04:973][  0]LogConfig: Applying CVar settings from Section [EffectsQuality@3] File [C:/Users/g007a/OneDrive/Documents/Unreal Projects/FlappyBird/Saved/Config/Windows/Scalability.ini]
[2024.07.15-08.56.04:973][  0]LogConfig: Setting CVar [[r.TranslucencyLightingVolumeDim:64]]
[2024.07.15-08.56.04:973][  0]LogConfig: Setting CVar [[r.RefractionQuality:2]]
[2024.07.15-08.56.04:973][  0]LogConfig: Setting CVar [[r.SSR.Quality:3]]
[2024.07.15-08.56.04:973][  0]LogConfig: Setting CVar [[r.SSR.HalfResSceneColor:0]]
[2024.07.15-08.56.04:973][  0]LogConfig: Setting CVar [[r.SceneColorFormat:4]]
[2024.07.15-08.56.04:973][  0]LogConfig: Setting CVar [[r.DetailMode:2]]
[2024.07.15-08.56.04:973][  0]LogConfig: Setting CVar [[r.TranslucencyVolumeBlur:1]]
[2024.07.15-08.56.04:973][  0]LogConfig: Setting CVar [[r.MaterialQualityLevel:1 ; High quality]]
[2024.07.15-08.56.04:973][  0]LogConfig: Setting CVar [[r.AnisotropicMaterials:1]]
[2024.07.15-08.56.04:973][  0]LogConfig: Setting CVar [[r.SSS.Scale:1]]
[2024.07.15-08.56.04:973][  0]LogConfig: Setting CVar [[r.SSS.SampleSet:2]]
[2024.07.15-08.56.04:973][  0]LogConfig: Setting CVar [[r.SSS.Quality:1]]
[2024.07.15-08.56.04:973][  0]LogConfig: Setting CVar [[r.SSS.HalfRes:0]]
[2024.07.15-08.56.04:973][  0]LogConfig: Setting CVar [[r.SSGI.Quality:3]]
[2024.07.15-08.56.04:973][  0]LogConfig: Setting CVar [[r.EmitterSpawnRateScale:1.0]]
[2024.07.15-08.56.04:973][  0]LogConfig: Setting CVar [[r.ParticleLightQuality:2]]
[2024.07.15-08.56.04:973][  0]LogConfig: Setting CVar [[r.SkyAtmosphere.AerialPerspectiveLUT.FastApplyOnOpaque:1 ; Always have FastSkyLUT 1 in this case to avoid wrong sky]]
[2024.07.15-08.56.04:973][  0]LogConfig: Setting CVar [[r.SkyAtmosphere.AerialPerspectiveLUT.SampleCountMaxPerSlice:4]]
[2024.07.15-08.56.04:973][  0]LogConfig: Setting CVar [[r.SkyAtmosphere.AerialPerspectiveLUT.DepthResolution:16.0]]
[2024.07.15-08.56.04:973][  0]LogConfig: Setting CVar [[r.SkyAtmosphere.FastSkyLUT:1]]
[2024.07.15-08.56.04:973][  0]LogConfig: Setting CVar [[r.SkyAtmosphere.FastSkyLUT.SampleCountMin:4.0]]
[2024.07.15-08.56.04:973][  0]LogConfig: Setting CVar [[r.SkyAtmosphere.FastSkyLUT.SampleCountMax:128.0]]
[2024.07.15-08.56.04:973][  0]LogConfig: Setting CVar [[r.SkyAtmosphere.SampleCountMin:4.0]]
[2024.07.15-08.56.04:973][  0]LogConfig: Setting CVar [[r.SkyAtmosphere.SampleCountMax:128.0]]
[2024.07.15-08.56.04:973][  0]LogConfig: Setting CVar [[r.SkyAtmosphere.TransmittanceLUT.UseSmallFormat:0]]
[2024.07.15-08.56.04:973][  0]LogConfig: Setting CVar [[r.SkyAtmosphere.TransmittanceLUT.SampleCount:10.0]]
[2024.07.15-08.56.04:973][  0]LogConfig: Setting CVar [[r.SkyAtmosphere.MultiScatteringLUT.SampleCount:15.0]]
[2024.07.15-08.56.04:973][  0]LogConfig: Setting CVar [[r.SkyLight.RealTimeReflectionCapture:1]]
[2024.07.15-08.56.04:973][  0]LogConfig: Applying CVar settings from Section [FoliageQuality@3] File [C:/Users/g007a/OneDrive/Documents/Unreal Projects/FlappyBird/Saved/Config/Windows/Scalability.ini]
[2024.07.15-08.56.04:973][  0]LogConfig: Setting CVar [[foliage.DensityScale:1.0]]
[2024.07.15-08.56.04:973][  0]LogConfig: Setting CVar [[grass.DensityScale:1.0]]
[2024.07.15-08.56.04:973][  0]LogConfig: Applying CVar settings from Section [ShadingQuality@3] File [C:/Users/g007a/OneDrive/Documents/Unreal Projects/FlappyBird/Saved/Config/Windows/Scalability.ini]
[2024.07.15-08.56.04:973][  0]LogConfig: Setting CVar [[r.HairStrands.SkyLighting.IntegrationType:2]]
[2024.07.15-08.56.04:973][  0]LogConfig: Setting CVar [[r.HairStrands.SkyAO.SampleCount:4]]
[2024.07.15-08.56.04:973][  0]LogConfig: Setting CVar [[r.HairStrands.Visibility.MSAA.SamplePerPixel:4]]
[2024.07.15-08.56.04:973][  0]LogConfig: Applying CVar settings from Section [Startup] File [../../../Engine/Config/ConsoleVariables.ini]
[2024.07.15-08.56.04:974][  0]LogConfig: Setting CVar [[net.UseAdaptiveNetUpdateFrequency:0]]
[2024.07.15-08.56.04:974][  0]LogConfig: Setting CVar [[p.chaos.AllowCreatePhysxBodies:1]]
[2024.07.15-08.56.04:974][  0]LogConfig: Setting CVar [[fx.SkipVectorVMBackendOptimizations:1]]
[2024.07.15-08.56.04:974][  0]LogConfig: Applying CVar settings from Section [ConsoleVariables] File [C:/Users/g007a/OneDrive/Documents/Unreal Projects/FlappyBird/Saved/Config/Windows/Engine.ini]
[2024.07.15-08.56.04:974][  0]LogConfig: Applying CVar settings from Section [ConsoleVariables] File [C:/Users/g007a/OneDrive/Documents/Unreal Projects/FlappyBird/Saved/Config/Windows/Editor.ini]
[2024.07.15-08.56.04:974][  0]LogInit: Computer: DESKTOP-709O2CI
[2024.07.15-08.56.04:974][  0]LogInit: User: k013a2065
[2024.07.15-08.56.04:974][  0]LogInit: CPU Page size=4096, Cores=14
[2024.07.15-08.56.04:974][  0]LogInit: High frequency timer resolution =10.000000 MHz
[2024.07.15-08.56.04:974][  0]LogMemory: Memory total: Physical=31.7GB (32GB approx)
[2024.07.15-08.56.04:974][  0]LogMemory: Platform Memory Stats for Windows
[2024.07.15-08.56.04:974][  0]LogMemory: Process Physical Memory: 151.52 MB used, 151.52 MB peak
[2024.07.15-08.56.04:974][  0]LogMemory: Process Virtual Memory: 134.88 MB used, 134.88 MB peak
[2024.07.15-08.56.04:974][  0]LogMemory: Physical Memory: 13738.84 MB used,  18757.95 MB free, 32496.79 MB total
[2024.07.15-08.56.04:974][  0]LogMemory: Virtual Memory: 134200264.00 MB used,  17465.60 MB free, 134217728.00 MB total
[2024.07.15-08.56.05:002][  0]LogWindows: WindowsPlatformFeatures enabled
[2024.07.15-08.56.05:034][  0]LogInit: Physics initialised using underlying interface: PhysX
[2024.07.15-08.56.05:034][  0]LogInit: Using OS detected language (ja-JP).
[2024.07.15-08.56.05:034][  0]LogInit: Using OS detected locale (ja-JP).
[2024.07.15-08.56.05:036][  0]LogTextLocalizationManager: No specific localization for 'ja-JP' exists, so the 'ja' localization will be used.
[2024.07.15-08.56.05:124][  0]LogWindowsTextInputMethodSystem: Display: IME system deactivated.
[2024.07.15-08.56.05:141][  0]LogSlate: New Slate User Created.  User Index 0, Is Virtual User: 0
[2024.07.15-08.56.05:141][  0]LogSlate: Slate User Registered.  User Index 0, Is Virtual User: 0
[2024.07.15-08.56.05:153][  0]LogD3D11RHI: Loaded GFSDK_Aftermath_Lib.x64.dll
[2024.07.15-08.56.05:193][  0]LogHMD: Failed to initialize OpenVR with code 110
[2024.07.15-08.56.05:193][  0]LogD3D11RHI: D3D11 min allowed feature level: 11_0
[2024.07.15-08.56.05:193][  0]LogD3D11RHI: D3D11 max allowed feature level: 11_0
[2024.07.15-08.56.05:193][  0]LogD3D11RHI: D3D11 adapters:
[2024.07.15-08.56.05:281][  0]LogD3D11RHI:    0. 'NVIDIA GeForce RTX 4060 Laptop GPU' (Feature Level 11_0)
[2024.07.15-08.56.05:281][  0]LogD3D11RHI:       7971/0/16248 MB DedicatedVideo/DedicatedSystem/SharedSystem, Outputs:1, VendorId:0x10de
[2024.07.15-08.56.05:315][  0]LogD3D11RHI:    1. 'Intel(R) Iris(R) Xe Graphics' (Feature Level 11_0)
[2024.07.15-08.56.05:315][  0]LogD3D11RHI:       128/0/16248 MB DedicatedVideo/DedicatedSystem/SharedSystem, Outputs:0, VendorId:0x8086
[2024.07.15-08.56.05:318][  0]LogD3D11RHI:    2. 'Microsoft Basic Render Driver' (Feature Level 11_0)
[2024.07.15-08.56.05:318][  0]LogD3D11RHI:       0/0/16248 MB DedicatedVideo/DedicatedSystem/SharedSystem, Outputs:0, VendorId:0x1414
[2024.07.15-08.56.05:318][  0]LogD3D11RHI: Chosen D3D11 Adapter:
[2024.07.15-08.56.05:318][  0]LogD3D11RHI:     Description : NVIDIA GeForce RTX 4060 Laptop GPU
[2024.07.15-08.56.05:318][  0]LogD3D11RHI:     VendorId    : 10de
[2024.07.15-08.56.05:318][  0]LogD3D11RHI:     DeviceId    : 28a0
[2024.07.15-08.56.05:318][  0]LogD3D11RHI:     SubSysId    : 13571d05
[2024.07.15-08.56.05:318][  0]LogD3D11RHI:     Revision    : 00a1
[2024.07.15-08.56.05:318][  0]LogD3D11RHI:     DedicatedVideoMemory : 8358199296 bytes
[2024.07.15-08.56.05:318][  0]LogD3D11RHI:     DedicatedSystemMemory : 0 bytes
[2024.07.15-08.56.05:318][  0]LogD3D11RHI:     SharedSystemMemory : 17037676544 bytes
[2024.07.15-08.56.05:318][  0]LogD3D11RHI:     AdapterLuid : 0 74671
[2024.07.15-08.56.05:324][  0]LogD3D11RHI: Creating new Direct3DDevice
[2024.07.15-08.56.05:324][  0]LogD3D11RHI:     GPU DeviceId: 0x28a0 (for the marketing name, search the web for "GPU Device Id")
[2024.07.15-08.56.05:324][  0]LogWindows: EnumDisplayDevices:
[2024.07.15-08.56.05:324][  0]LogWindows:    0. 'Intel(R) Iris(R) Xe Graphics' (P:1 D:1)
[2024.07.15-08.56.05:324][  0]LogWindows:    1. 'Intel(R) Iris(R) Xe Graphics' (P:0 D:0)
[2024.07.15-08.56.05:324][  0]LogWindows:    2. 'Intel(R) Iris(R) Xe Graphics' (P:0 D:0)
[2024.07.15-08.56.05:324][  0]LogWindows:    3. 'Intel(R) Iris(R) Xe Graphics' (P:0 D:0)
[2024.07.15-08.56.05:324][  0]LogWindows:    4. 'NVIDIA GeForce RTX 4060 Laptop GPU' (P:0 D:0)
[2024.07.15-08.56.05:325][  0]LogWindows:    5. 'NVIDIA GeForce RTX 4060 Laptop GPU' (P:0 D:0)
[2024.07.15-08.56.05:325][  0]LogWindows:    6. 'NVIDIA GeForce RTX 4060 Laptop GPU' (P:0 D:0)
[2024.07.15-08.56.05:325][  0]LogWindows:    7. 'NVIDIA GeForce RTX 4060 Laptop GPU' (P:0 D:0)
[2024.07.15-08.56.05:325][  0]LogWindows: DebugString: PrimaryIsNotTheChoosenAdapter PrimaryIsNotTheChoosenAdapter PrimaryIsNotTheChoosenAdapter PrimaryIsNotTheChoosenAdapter FoundDriverCount:4 
[2024.07.15-08.56.05:325][  0]LogD3D11RHI:     Adapter Name: NVIDIA GeForce RTX 4060 Laptop GPU
[2024.07.15-08.56.05:325][  0]LogD3D11RHI:   Driver Version: 531.61 (internal:31.0.15.3161, unified:531.61)
[2024.07.15-08.56.05:325][  0]LogD3D11RHI:      Driver Date: 4-8-2023
[2024.07.15-08.56.05:325][  0]LogRHI: Texture pool is 5579 MB (70% of 7971 MB)
[2024.07.15-08.56.05:325][  0]LogD3D11RHI: Creating D3DDevice using adapter:
[2024.07.15-08.56.05:325][  0]LogD3D11RHI:     Description : NVIDIA GeForce RTX 4060 Laptop GPU
[2024.07.15-08.56.05:325][  0]LogD3D11RHI:     VendorId    : 10de
[2024.07.15-08.56.05:325][  0]LogD3D11RHI:     DeviceId    : 28a0
[2024.07.15-08.56.05:325][  0]LogD3D11RHI:     SubSysId    : 13571d05
[2024.07.15-08.56.05:325][  0]LogD3D11RHI:     Revision    : 00a1
[2024.07.15-08.56.05:325][  0]LogD3D11RHI:     DedicatedVideoMemory : 8358199296 bytes
[2024.07.15-08.56.05:325][  0]LogD3D11RHI:     DedicatedSystemMemory : 0 bytes
[2024.07.15-08.56.05:325][  0]LogD3D11RHI:     SharedSystemMemory : 17037676544 bytes
[2024.07.15-08.56.05:325][  0]LogD3D11RHI:     AdapterLuid : 0 74671
[2024.07.15-08.56.05:372][  0]LogD3D11RHI: RHI has support for 64 bit atomics
[2024.07.15-08.56.05:372][  0]LogD3D11RHI: Async texture creation enabled
[2024.07.15-08.56.05:372][  0]LogD3D11RHI: Array index from any shader is supported
[2024.07.15-08.56.05:385][  0]LogD3D11RHI: GPU Timing Frequency: 1000.000000 (Debug: 2 1)
[2024.07.15-08.56.05:406][  0]LogRHI: GeForceNow SDK initialized: 1
[2024.07.15-08.56.05:623][  0]LogTargetPlatformManager: Display: Loaded TargetPlatform 'WindowsNoEditor'
[2024.07.15-08.56.05:625][  0]LogTargetPlatformManager: Display: Loaded TargetPlatform 'Windows'
[2024.07.15-08.56.05:628][  0]LogTargetPlatformManager: Display: Loaded TargetPlatform 'WindowsClient'
[2024.07.15-08.56.05:632][  0]LogTargetPlatformManager: Display: Loaded TargetPlatform 'WindowsServer'
[2024.07.15-08.56.05:632][  0]LogTargetPlatformManager: Display: Building Assets For Windows
[2024.07.15-08.56.05:637][  0]LogAudioDebug: Display: Lib vorbis DLL was dynamically loaded.
[2024.07.15-08.56.05:660][  0]LogTextureFormatOodle: Display: Oodle Texture 2.9.0 init RDO Off
[2024.07.15-08.56.05:683][  0]LogRendererCore: Ray tracing is disabled. Reason: r.RayTracing=0.
[2024.07.15-08.56.05:683][  0]LogShaderCompilers: Guid format shader working directory is -30 characters bigger than the processId version (../../../../../../Users/g007a/OneDrive/Documents/Unreal Projects/FlappyBird/Intermediate/Shaders/WorkingDirectory/12188/).
[2024.07.15-08.56.05:684][  0]LogShaderCompilers: Cleaned the shader compiler working directory 'C:/Users/g007a/AppData/Local/Temp/UnrealShaderWorkingDir/1E0599DD4B33CF30AED65BB534AE0370/'.
[2024.07.15-08.56.05:684][  0]LogXGEController: Cannot use XGE Controller as Incredibuild is not installed on this machine.
[2024.07.15-08.56.05:684][  0]LogShaderCompilers: Cannot use XGE Shader Compiler as Incredibuild is not installed on this machine.
[2024.07.15-08.56.05:684][  0]LogShaderCompilers: Display: Using Local Shader Compiler.
[2024.07.15-08.56.06:180][  0]LogDerivedDataCache: Display: Max Cache Size: 512 MB
[2024.07.15-08.56.06:222][  0]LogDerivedDataCache: Loaded boot cache 0.04s 94MB C:/Users/g007a/AppData/Local/UnrealEngine/4.27/DerivedDataCache/Boot.ddc.
[2024.07.15-08.56.06:222][  0]LogDerivedDataCache: Display: Loaded Boot cache: C:/Users/g007a/AppData/Local/UnrealEngine/4.27/DerivedDataCache/Boot.ddc
[2024.07.15-08.56.06:222][  0]LogDerivedDataCache: FDerivedDataBackendGraph:  Pak pak cache file ../../../../../../Users/g007a/OneDrive/Documents/Unreal Projects/FlappyBird/DerivedDataCache/DDC.ddp not found, will not use a pak cache.
[2024.07.15-08.56.06:222][  0]LogDerivedDataCache: Unable to find inner node Pak for hierarchical cache Hierarchy.
[2024.07.15-08.56.06:222][  0]LogDerivedDataCache: FDerivedDataBackendGraph:  CompressedPak pak cache file ../../../../../../Users/g007a/OneDrive/Documents/Unreal Projects/FlappyBird/DerivedDataCache/Compressed.ddp not found, will not use a pak cache.
[2024.07.15-08.56.06:222][  0]LogDerivedDataCache: Unable to find inner node CompressedPak for hierarchical cache Hierarchy.
[2024.07.15-08.56.06:236][  0]LogDerivedDataCache: Display: Pak cache opened for reading ../../../Engine/DerivedDataCache/Compressed.ddp.
[2024.07.15-08.56.06:236][  0]LogDerivedDataCache: FDerivedDataBackendGraph:  EnterprisePak pak cache file ../../../Enterprise/DerivedDataCache/Compressed.ddp not found, will not use a pak cache.
[2024.07.15-08.56.06:236][  0]LogDerivedDataCache: Unable to find inner node EnterprisePak for hierarchical cache Hierarchy.
[2024.07.15-08.56.06:247][  0]LogDerivedDataCache: Speed tests for C:/Users/g007a/AppData/Local/UnrealEngine/Common/DerivedDataCache took 0.01 seconds
[2024.07.15-08.56.06:247][  0]LogDerivedDataCache: Display: Performance to C:/Users/g007a/AppData/Local/UnrealEngine/Common/DerivedDataCache: Latency=0.01ms. RandomReadSpeed=1265.74MBs, RandomWriteSpeed=94.70MBs. Assigned SpeedClass 'Local'
[2024.07.15-08.56.06:248][  0]LogDerivedDataCache: Using Local data cache path C:/Users/g007a/AppData/Local/UnrealEngine/Common/DerivedDataCache: Writable
[2024.07.15-08.56.06:248][  0]LogDerivedDataCache: Shared data cache path not found in *engine.ini, will not use an Shared cache.
[2024.07.15-08.56.06:248][  0]LogDerivedDataCache: Unable to find inner node Shared for hierarchical cache Hierarchy.
[2024.07.15-08.56.06:270][  0]LogSlate: Using FreeType 2.10.0
[2024.07.15-08.56.06:270][  0]LogSlate: SlateFontServices - WITH_FREETYPE: 1, WITH_HARFBUZZ: 1
[2024.07.15-08.56.06:365][  0]LogInit: Using OS detected language (ja-JP).
[2024.07.15-08.56.06:365][  0]LogInit: Using OS detected locale (ja-JP).
[2024.07.15-08.56.06:365][  0]LogTextLocalizationManager: No localization for 'ja-JP' exists, so 'en' will be used for the language.
[2024.07.15-08.56.06:365][  0]LogTextLocalizationManager: No localization for 'ja-JP' exists, so 'en' will be used for the locale.
[2024.07.15-08.56.06:365][  0]LogSlate: FontCache flush requested. Reason: Culture for localization was changed
[2024.07.15-08.56.06:365][  0]LogSlate: FontCache flush requested. Reason: Culture for localization was changed
[2024.07.15-08.56.06:367][  0]LogAssetRegistry: FAssetRegistry took 0.0010 seconds to start up
[2024.07.15-08.56.06:465][  0]LogTextLocalizationManager: Compacting localization data took   0.00ms
[2024.07.15-08.56.06:465][  0]LogPackageLocalizationCache: Processed 27 localized package path(s) for 1 prioritized culture(s) in 0.000644 seconds
[2024.07.15-08.56.06:508][  0]LogInit: Selected Device Profile: [Windows]
[2024.07.15-08.56.06:508][  0]LogInit: Active device profile: [00000287FCAF3900][00000287F3CAC7C0 49] Windows
[2024.07.15-08.56.06:508][  0]LogInit: Profiles: [00000287FCAF3900][00000287F3CAC7C0 49] Windows, [00000287FCAB0800][00000287F4062940 49] WindowsNoEditor, [00000287FCAF0800][00000287F4066AC0 49] WindowsServer, [00000287FCAB3200][00000287F406AC40 49] WindowsClient, [00000287FCAF3100][00000287F406EDC0 49] IOS, [00000287FCAB1100][00000287F4072F40 49] iPadAir, [00000287FCAF1000][00000287F40770C0 49] iPadAir2, [00000287FCA64300][00000287F407F380 49] IPadPro, [00000287FCA63F00][00000287F407B3C0 49] iPadAir3, [00000287FCAF2D00][00000287F4083540 49] iPadAir4, [00000287FCA60E00][00000287F40876C0 49] iPadMini2, [00000287FCAF1300][00000287F405F800 49] iPadMini3, [00000287FCA62D00][00000287F408B940 49] iPadMini4, [00000287FCAF2600][00000287F3D57A80 49] iPadMini5, [00000287FCAB2B00][00000287F3D621C0 49] iPhone6, [00000287FCAB2C00][00000287F3D5E200 49] iPodTouch6, [00000287FCA61100][00000287F3D6A4C0 49] iPhone7, [00000287FCA61200][00000287F3D66500 49] iPodTouch7, [00000287FCAB3600][00000287F3D6E680 49] iPhone5S, [00000287FCA63200][00000287F3D72800 49] iPhone6Plus, [00000287FCAB1E00][00000287F3D76980 49] iPhone6S, [00000287FCA63700][00000287F3D7AB00 49] iPhone6SPlus, [00000287FCAB0E00][00000287F3D7EC80 49] iPhone7Plus, [00000287FCA60A00][00000287F3D82E00 49] iPhoneSE, [00000287FCAB1800][00000287F3D86F80 49] iPhone8, [00000287FCA62A00][00000287F3D8B100 49] iPhone8Plus, [00000287FCAB2900][00000287F3D8F280 49] iPhoneX, [00000287FCA61A00][00000287F3D93400 49] iPhoneXS, [00000287FCAB2E00][00000287F3D97580 49] iPhoneXSMax, [00000287FCA60B00][00000287F3D9B700 49] iPhoneXR, [00000287FCAB3700][00000287F3D9F880 49] iPhone11, [00000287FCA61E00][00000287F3D5B9C0 49] iPhone11Pro, [00000287FCAB0D00][00000287FD52BB00 49] iPhone11ProMax, [00000287FCA63D00][00000287FD52E0C0 49] iPhoneSE2, [00000287FCAB1900][00000287FD536240 49] iPhone12Mini, [00000287FCA63000][00000287FD53A3C0 49] iPhone12, [00000287FCAB0300][00000287FD53E540 49] iPhone12Pro, [00000287FCA62C00][00000287FD5426C0 49] iPhone12ProMax, [00000287FCAB3100][00000287FD546840 49] iPadPro105, [00000287FCA62100][00000287FD54A9C0 49] iPadPro129, [00000287FCAB1600][00000287FD54EB40 49] iPadPro97, [00000287FCA62800][00000287FD552CC0 49] iPadPro2_129, [00000287FCAB2100][00000287FD556E40 49] iPad5, [00000287FCA63300][00000287FD55AFC0 49] iPad6, [00000287FCAB2A00][00000287FD55F140 49] iPad7, [00000287FCA63800][00000287FD5632C0 49] iPad8, [00000287FCAB3500][00000287FD567440 49] iPadPro11, [00000287FCA62900][00000287FD56B5C0 49] iPadPro2_11, [00000287FCAB0B00][00000287FD56F740 49] iPadPro3_129, [00000287FCA61D00][00000287FD5738C0 49] iPadPro4_129, [00000287FCAB2500][00000287FD577A40 49] AppleTV, [00000287FCA61000][00000287FD533B80 49] AppleTV4K, [00000287FCAB1500][00000287FD57A140 49] TVOS, [00000287FCA60300][00000287FD57E280 49] Mac, [00000287FCAB2F00][00000287FD5823C0 49] MacClient, [00000287FCA63400][00000287FD58A540 49] MacNoEditor, [00000287FCAB2D00][00000287FD58E6C0 49] MacServer, [00000287FCA61F00][00000287FD592840 49] Linux, [00000287FCAB0900][00000287FD5969C0 49] LinuxAArch64, [00000287FCA60900][00000287FD59AB40 49] LinuxNoEditor, [00000287FCAB2600][00000287FD59ECC0 49] LinuxAArch64NoEditor, [00000287FCB34500][00000287FD5A2E40 49] LinuxClient, [00000287FCA64500][00000287FD5A6FC0 49] LinuxAArch64Client, [00000287FCB36300][00000287FD5AB140 49] LinuxServer, [00000287FCA67900][00000287FD5AF2C0 49] LinuxAArch64Server, [00000287FCB34100][00000287FD5B3440 49] Android, [00000287FCA65200][00000287FD5B75C0 49] Android_Low, [00000287FCB35700][00000287FD5BB740 49] Android_Mid, [00000287FCA66C00][00000287FD5BF8C0 49] Android_High, [00000287FCB34700][00000287FD5C3A40 49] Android_Default, [00000287FCA65400][00000287FD5C7BC0 49] Android_Adreno4xx, [00000287FCB34B00][00000287FD586180 49] Android_Adreno5xx_Low, [00000287FCA67800][00000287FD5CA2C0 49] Android_Adreno5xx, [00000287FCB35300][00000287FD5CE400 49] Android_Adreno6xx, [00000287FCA65700][00000287FD5D2540 49] Android_Adreno6xx_Vulkan, [00000287FCB34C00][00000287FD5DA6C0 49] Android_Mali_T6xx, [00000287FCA67B00][00000287FD5DE840 49] Android_Mali_T7xx, [00000287FCB35500][00000287FD5E29C0 49] Android_Mali_T8xx, [00000287FCA64F00][00000287FD5E6B40 49] Android_Mali_G71, [00000287FCB35A00][00000287FD5EACC0 49] Android_Mali_G72, [00000287FCA64800][00000287FD5EEE40 49] Android_Mali_G72_Vulkan, [00000287FCB35200][00000287FD5F2FC0 49] Android_Mali_G76, [00000287FCA67C00][00000287FD5F7140 49] Android_Mali_G76_Vulkan, [00000287FCB36600][00000287FD5FB2C0 49] Android_Mali_G77, [00000287FCA66E00][00000287FD5FF440 49] Android_Mali_G77_Vulkan, [00000287FCAB2200][00000287FD6035C0 49] Android_Mali_G78, [00000287FCA62700][00000287FD607740 49] Android_Mali_G78_Vulkan, [00000287FCAB1D00][00000287FD60B8C0 49] Android_Mali_G710, [00000287FCA60400][00000287FD60FA40 49] Android_Mali_G710_Vulkan, [00000287FCAB3E00][00000287FD613BC0 49] Android_Vulkan_SM5, [00000287FCA63500][00000287FD6161C0 49] Android_PowerVR_G6xxx, [00000287FCAB0700][00000287FD61A340 49] Android_PowerVR_GT7xxx, [00000287FCA61400][00000287FD5D6480 49] Android_PowerVR_GE8xxx, [00000287FCAB1F00][00000287FD61E5C0 49] Android_PowerVR_GM9xxx, [00000287FCB34200][00000287FD622700 49] Android_PowerVR_GM9xxx_Vulkan, [00000287FCAB0100][00000287FD62A880 49] Android_TegraK1, [00000287FCB35C00][00000287FD62EA00 49] Android_Unknown_Vulkan, [00000287FCAB3300][00000287FD632B80 49] Lumin, [00000287FCB34A00][00000287FD636D00 49] Lumin_Desktop, [00000287FCAB2300][00000287FD63AE80 49] HoloLens, 
[2024.07.15-08.56.06:537][  0]LogMeshReduction: Using QuadricMeshReduction for automatic static mesh reduction
[2024.07.15-08.56.06:537][  0]LogMeshReduction: Using SimplygonMeshReduction for automatic skeletal mesh reduction
[2024.07.15-08.56.06:537][  0]LogMeshReduction: Using ProxyLODMeshReduction for automatic mesh merging
[2024.07.15-08.56.06:537][  0]LogMeshReduction: No distributed automatic mesh merging module available
[2024.07.15-08.56.06:537][  0]LogMeshMerging: No distributed automatic mesh merging module available
[2024.07.15-08.56.06:604][  0]LogNetVersion: FlappyBird 1.0.0, NetCL: 17155196, EngineNetVer: 17, GameNetVer: 0 (Checksum: 3128817186)
[2024.07.15-08.56.06:753][  0]LogTexture: Default maximum texture size for cubemaps generated from long-lat sources has been changed from 512 to unlimited. In order to preserve old behaiour for '/Engine/MapTemplates/Sky/DaylightAmbientCubemap.DaylightAmbientCubemap', its maximum texture size has been explicitly set to 512.
[2024.07.15-08.56.06:787][  0]LogHMD: PokeAHoleMaterial loaded successfully
[2024.07.15-08.56.06:859][  0]LogMoviePlayer: Initializing movie player
[2024.07.15-08.56.06:948][  0]LogNiagaraDebuggerClient: Niagara Debugger Client Initialized | Session: E88A8FDE471E0940D706678063BEF377 | Instance: D7323CB64C2A57A14BFB1EA29E6789CE (DESKTOP-709O2CI-12188).
[2024.07.15-08.56.06:960][  0]LogCollectionManager: Loaded 0 collections in 0.001123 seconds
[2024.07.15-08.56.06:962][  0]LogFileCache: Scanning file cache for directory 'C:/Users/g007a/OneDrive/Documents/Unreal Projects/FlappyBird/Saved/Collections/' took 0.00s
[2024.07.15-08.56.06:962][  0]LogFileCache: Scanning file cache for directory 'C:/Users/g007a/OneDrive/Documents/Unreal Projects/FlappyBird/Content/Developers/k013a2065/Collections/' took 0.00s
[2024.07.15-08.56.06:962][  0]LogCollectionManager: Fixed up redirectors for 0 collections in 0.000002 seconds (updated 0 objects)
[2024.07.15-08.56.07:026][  0]LogFileCache: Scanning file cache for directory 'C:/Users/g007a/OneDrive/Documents/Unreal Projects/FlappyBird/Content/Collections/' took 0.00s
[2024.07.15-08.56.07:027][  0]LogPython: Using Python 3.7.7
[2024.07.15-08.56.07:281][  0]LogTcpMessaging: Initializing TcpMessaging bridge
[2024.07.15-08.56.07:284][  0]LogUdpMessaging: Initializing bridge on interface 0.0.0.0:0 to multicast group 230.0.0.1:6666.
[2024.07.15-08.56.07:342][  0]SourceControl: Source control is disabled
[2024.07.15-08.56.07:342][  0]SourceControl: Source control is disabled
[2024.07.15-08.56.07:347][  0]SourceControl: Source control is disabled
[2024.07.15-08.56.07:351][  0]LogUProjectInfo: Found projects:
[2024.07.15-08.56.07:428][  0]LogOpenImageDenoise: OIDN starting up
[2024.07.15-08.56.07:436][  0]LogAndroidPermission: UAndroidPermissionCallbackProxy::GetInstance
[2024.07.15-08.56.07:447][  0]LogAudioCaptureCore: Display: No Audio Capture implementations found. Audio input will be silent.
[2024.07.15-08.56.07:447][  0]LogAudioCaptureCore: Display: No Audio Capture implementations found. Audio input will be silent.
[2024.07.15-08.56.07:494][  0]LogOcInput: OculusInput pre-init called
[2024.07.15-08.56.07:500][  0]LogUObjectArray: 22121 objects as part of root set at end of initial load.
[2024.07.15-08.56.07:500][  0]LogUObjectAllocator: 5975632 out of 0 bytes used by permanent object pool.
[2024.07.15-08.56.07:500][  0]LogUObjectArray: CloseDisregardForGC: 0/0 objects in disregard for GC pool
[2024.07.15-08.56.07:533][  0]LogEngine: Initializing Engine...
[2024.07.15-08.56.07:535][  0]LogHMD: Failed to enumerate extensions. Please check that you have a valid OpenXR runtime installed.
[2024.07.15-08.56.07:535][  0]LogHMD: Failed to initialize OpenVR with code 110
[2024.07.15-08.56.07:535][  0]LogMagicLeap: Warning: VR disabled because ZI is not enabled.  To enable, in the editor, Edit -> Project Settings -> Plugins -> Magic Leap Plugin -> Enable Zero Iteration
[2024.07.15-08.56.07:536][  0]LogStats: UGameplayTagsManager::InitializeManager -  0.000 s
[2024.07.15-08.56.07:594][  0]LogInit: Initializing FReadOnlyCVARCache
[2024.07.15-08.56.07:594][  0]LogAudio: Display: Initializing Audio Device Manager...
[2024.07.15-08.56.07:597][  0]LogAudio: Display: Loading Default Audio Settings Objects...
[2024.07.15-08.56.07:597][  0]LogAudio: Display: No default SoundConcurrencyObject specified (or failed to load).
[2024.07.15-08.56.07:598][  0]LogAudio: Display: Audio Device Manager Initialized
[2024.07.15-08.56.07:598][  0]LogAudio: Display: Creating Audio Device:                 Id: 1, Scope: Shared, Realtime: True
[2024.07.15-08.56.07:598][  0]LogAudioMixer: Display: Audio Mixer Platform Settings:
[2024.07.15-08.56.07:598][  0]LogAudioMixer: Display: 	Sample Rate:						  48000
[2024.07.15-08.56.07:598][  0]LogAudioMixer: Display: 	Callback Buffer Frame Size Requested: 1024
[2024.07.15-08.56.07:598][  0]LogAudioMixer: Display: 	Callback Buffer Frame Size To Use:	  1024
[2024.07.15-08.56.07:598][  0]LogAudioMixer: Display: 	Number of buffers to queue:			  2
[2024.07.15-08.56.07:598][  0]LogAudioMixer: Display: 	Max Channels (voices):				  32
[2024.07.15-08.56.07:598][  0]LogAudioMixer: Display: 	Number of Async Source Workers:		  0
[2024.07.15-08.56.07:598][  0]LogAudio: Display: AudioDevice MaxSources: 32
[2024.07.15-08.56.07:598][  0]LogAudio: Display: Audio Spatialization Plugin: None (built-in).
[2024.07.15-08.56.07:598][  0]LogAudio: Display: Audio Reverb Plugin: None (built-in).
[2024.07.15-08.56.07:598][  0]LogAudio: Display: Audio Occlusion Plugin: None (built-in).
[2024.07.15-08.56.07:598][  0]LogAudioMixer: Display: Initializing audio mixer.
[2024.07.15-08.56.07:628][  0]LogAudioMixer: Display: 0: FrontLeft
[2024.07.15-08.56.07:628][  0]LogAudioMixer: Display: 1: FrontRight
[2024.07.15-08.56.07:663][  0]LogAudioMixer: Display: Using Audio Device ヘッドホン (Realtek(R) Audio)
[2024.07.15-08.56.07:666][  0]LogAudioMixer: Display: Initializing Sound Submixes...
[2024.07.15-08.56.07:666][  0]LogAudioMixer: Display: Creating Master Submix 'MasterSubmixDefault'
[2024.07.15-08.56.07:666][  0]LogAudioMixer: Display: Creating Master Submix 'MasterReverbSubmixDefault'
[2024.07.15-08.56.07:667][  0]LogAudioMixer: Display: Creating Master Submix 'MasterEQSubmixDefault'
[2024.07.15-08.56.07:667][  0]LogAudioMixer: FMixerPlatformXAudio2::StartAudioStream() called
[2024.07.15-08.56.07:667][  0]LogAudioMixer: Display: Output buffers initialized: Frames=1024, Channels=2, Samples=2048
[2024.07.15-08.56.07:668][  0]LogAudioMixer: Display: Starting AudioMixerPlatformInterface::RunInternal()
[2024.07.15-08.56.07:668][  0]LogAudioMixer: Display: FMixerPlatformXAudio2::SubmitBuffer() called for the first time
[2024.07.15-08.56.07:668][  0]LogInit: FAudioDevice initialized.
[2024.07.15-08.56.07:668][  0]LogNetVersion: Set ProjectVersion to 1.0.0.0. Version Checksum will be recalculated on next use.
[2024.07.15-08.56.07:668][  0]LogInit: Texture streaming: Enabled
[2024.07.15-08.56.07:710][  0]LogAudio: Display: Audio Device (ID: 1) registered with world 'Untitled'.
[2024.07.15-08.56.07:710][  0]LogSlate: Updating window title bar state: overlay mode, drag disabled, window buttons hidden, title bar hidden
[2024.07.15-08.56.07:711][  0]LogInit: Display: Game Engine Initialized.
[2024.07.15-08.56.07:711][  0]LogNiagaraEditor: GEditor isn't valid! Particle reset commands will not work for Niagara components!
[2024.07.15-08.56.07:798][  0]LogInit: Display: Starting Game.
[2024.07.15-08.56.07:798][  0]LogNet: Browse: /Game/2DSideScrollerBP/Maps/Game?Name=Player
[2024.07.15-08.56.07:798][  0]LogLoad: LoadMap: /Game/2DSideScrollerBP/Maps/Game?Name=Player
[2024.07.15-08.56.07:798][  0]LogWorld: BeginTearingDown for /Temp/Untitled_0
[2024.07.15-08.56.07:800][  0]LogWorld: UWorld::CleanupWorld for Untitled, bSessionEnded=true, bCleanupResources=true
[2024.07.15-08.56.07:800][  0]LogSlate: InvalidateAllWidgets triggered.  All widgets were invalidated
[2024.07.15-08.56.07:804][  0]LogAudio: Display: Audio Device unregistered from world 'None'.
[2024.07.15-08.56.07:806][  0]LogUObjectHash: Compacting FUObjectHashTables data took   0.51ms
[2024.07.15-08.56.07:831][  0]LogAudio: Display: Audio Device (ID: 1) registered with world 'Game'.
[2024.07.15-08.56.07:836][  0]LogAIModule: Creating AISystem for world Game
[2024.07.15-08.56.07:836][  0]LogLoad: Game class is '2DSideScrollerGameMode_C'
[2024.07.15-08.56.07:838][  0]LogWorld: Bringing World /Game/2DSideScrollerBP/Maps/Game.Game up for play (max tick rate 0) at 2024.07.15-17.56.07
[2024.07.15-08.56.07:838][  0]LogWorld: Bringing up level for play took: 0.000956
[2024.07.15-08.56.07:840][  0]LogLoad: Took 0.040915 seconds to LoadMap(/Game/2DSideScrollerBP/Maps/Game)
[2024.07.15-08.56.07:859][  0]LogRenderer: Reallocating scene render targets to support 1280x720 Format 10 NumSamples 1 (Frame:1).
[2024.07.15-08.56.07:859][  0]LogSlate: Took 0.000161 seconds to synchronously load lazily loaded font '../../../Engine/Content/Slate/Fonts/Roboto-Regular.ttf' (155K)
[2024.07.15-08.56.07:882][  0]LogInit: Display: Engine is initialized. Leaving FEngineLoop::Init()
[2024.07.15-08.56.07:882][  0]LogLoad: (Engine Initialization) Total time: 3.82 seconds
[2024.07.15-08.56.07:882][  0]LogLoad: (Engine Initialization) Total Blueprint compile time: 0.00 seconds
[2024.07.15-08.56.07:883][  0]LogContentStreaming: Texture pool size now 1000 MB
[2024.07.15-08.56.07:885][  0]LogSlate: InvalidateAllWidgets triggered.  All widgets were invalidated
[2024.07.15-08.56.07:933][  1]LogSlate: Took 0.000155 seconds to synchronously load lazily loaded font '../../../Engine/Content/Slate/Fonts/Roboto-Regular.ttf' (155K)
[2024.07.15-08.56.09:262][920]LogBlueprintUserMessages: [Bar_BP_2] Game Over
[2024.07.15-08.56.12:811][ 24]LogWindowsDesktop: Alt-F4 pressed!
[2024.07.15-08.56.12:817][ 24]LogSlate: Window 'FlappyBird (64-bit Development PCD3D_SM5) ' being destroyed
[2024.07.15-08.56.12:820][ 24]LogWindowsTextInputMethodSystem: Display: IME system activated using TSF (Microsoft IME).
[2024.07.15-08.56.12:821][ 24]LogSlate: Updating window title bar state: overlay mode, drag disabled, window buttons hidden, title bar hidden
[2024.07.15-08.56.12:821][ 24]LogEngine: All Windows Closed
[2024.07.15-08.56.12:821][ 24]LogWindows: FPlatformMisc::RequestExit(0)
[2024.07.15-08.56.12:821][ 24]LogWindows: FPlatformMisc::RequestExitWithStatus(0, 0)
[2024.07.15-08.56.12:821][ 24]LogCore: Engine exit requested (reason: Win RequestExit)
[2024.07.15-08.56.12:821][ 25]LogCore: Engine exit requested (reason: EngineExit() was called; note: exit was already requested)
[2024.07.15-08.56.12:821][ 25]LogInit: Display: PreExit Game.
[2024.07.15-08.56.12:841][ 25]LogWorld: BeginTearingDown for /Game/2DSideScrollerBP/Maps/Game
[2024.07.15-08.56.12:842][ 25]LogWorld: UWorld::CleanupWorld for Game, bSessionEnded=true, bCleanupResources=true
[2024.07.15-08.56.12:842][ 25]LogSlate: InvalidateAllWidgets triggered.  All widgets were invalidated
[2024.07.15-08.56.13:542][ 25]LogAudio: Display: Beginning Audio Device Manager Shutdown (Module: AudioMixerXAudio2)...
[2024.07.15-08.56.13:542][ 25]LogAudio: Display: Destroying 1 Remaining Audio Device(s)...
[2024.07.15-08.56.13:542][ 25]LogAudio: Display: Audio Device unregistered from world 'Game'.
[2024.07.15-08.56.13:572][ 25]LogAudioMixer: FMixerPlatformXAudio2::StopAudioStream() called
[2024.07.15-08.56.13:574][ 25]LogAudioMixer: FMixerPlatformXAudio2::StopAudioStream() called
[2024.07.15-08.56.13:587][ 25]LogAudio: Display: Audio Device Manager Shutdown
[2024.07.15-08.56.13:597][ 25]LogExit: Preparing to exit.
[2024.07.15-08.56.14:295][ 25]LogSlate: Updating window title bar state: overlay mode, drag disabled, window buttons hidden, title bar hidden
[2024.07.15-08.56.14:296][ 25]LogUObjectHash: Compacting FUObjectHashTables data took   0.49ms
[2024.07.15-08.56.14:321][ 25]LogMoviePlayer: Shutting down movie player
[2024.07.15-08.56.14:405][ 25]LogDemo: Cleaned up 0 splitscreen connections with owner deletion
[2024.07.15-08.56.14:408][ 25]LogExit: Game engine shut down
[2024.07.15-08.56.14:430][ 25]LogExit: Object subsystem successfully closed.
[2024.07.15-08.56.14:442][ 25]LogShaderCompilers: Display: === FShaderJobCache stats ===
[2024.07.15-08.56.14:442][ 25]LogShaderCompilers: Display: Total job queries 0, among them cache hits 0 (0.00%)
[2024.07.15-08.56.14:442][ 25]LogShaderCompilers: Display: Tracking 0 distinct input hashes that result in 0 distinct outputs (0.00%)
[2024.07.15-08.56.14:442][ 25]LogShaderCompilers: Display: RAM used: 0.00 MB (0.00 GB) of 1638.40 MB (1.60 GB) budget. Usage: 0.00%
[2024.07.15-08.56.14:442][ 25]LogShaderCompilers: Display: ================================================
[2024.07.15-08.56.14:447][ 25]LogShaderCompilers: Display: Shaders left to compile 0
[2024.07.15-08.56.14:456][ 25]LogModuleManager: Shutting down and abandoning module SequenceRecorderSections (558)
[2024.07.15-08.56.14:456][ 25]LogModuleManager: Shutting down and abandoning module SequenceRecorder (556)
[2024.07.15-08.56.14:456][ 25]LogModuleManager: Shutting down and abandoning module AutomationController (554)
[2024.07.15-08.56.14:456][ 25]LogModuleManager: Shutting down and abandoning module AutomationWorker (552)
[2024.07.15-08.56.14:456][ 25]LogModuleManager: Shutting down and abandoning module Voice (550)
[2024.07.15-08.56.14:456][ 25]LogModuleManager: Shutting down and abandoning module AIModule (548)
[2024.07.15-08.56.14:456][ 25]LogModuleManager: Shutting down and abandoning module GameplayDebugger (547)
[2024.07.15-08.56.14:456][ 25]LogModuleManager: Shutting down and abandoning module AITestSuite (545)
[2024.07.15-08.56.14:456][ 25]LogModuleManager: Shutting down and abandoning module NavigationSystem (543)
[2024.07.15-08.56.14:456][ 25]LogModuleManager: Shutting down and abandoning module SteamVREditor (540)
[2024.07.15-08.56.14:456][ 25]LogModuleManager: Shutting down and abandoning module ToolMenus (539)
[2024.07.15-08.56.14:456][ 25]LogModuleManager: Shutting down and abandoning module OculusMR (536)
[2024.07.15-08.56.14:456][ 25]LogModuleManager: Shutting down and abandoning module TakeRecorderSources (534)
[2024.07.15-08.56.14:456][ 25]LogModuleManager: Shutting down and abandoning module TakeRecorder (533)
[2024.07.15-08.56.14:456][ 25]LogModuleManager: Shutting down and abandoning module TakeTrackRecorders (530)
[2024.07.15-08.56.14:456][ 25]LogModuleManager: Shutting down and abandoning module TakesCore (528)
[2024.07.15-08.56.14:456][ 25]LogModuleManager: Shutting down and abandoning module OpenXRInput (526)
[2024.07.15-08.56.14:457][ 25]LogModuleManager: Shutting down and abandoning module PlanarCut (524)
[2024.07.15-08.56.14:457][ 25]LogModuleManager: Shutting down and abandoning module OpenExrWrapper (522)
[2024.07.15-08.56.14:457][ 25]LogModuleManager: Shutting down and abandoning module ImgMediaFactory (520)
[2024.07.15-08.56.14:457][ 25]LogModuleManager: Shutting down and abandoning module WebMMediaFactory (518)
[2024.07.15-08.56.14:457][ 25]LogModuleManager: Shutting down and abandoning module WebMMedia (516)
[2024.07.15-08.56.14:457][ 25]LogModuleManager: Shutting down and abandoning module WmfMediaFactory (514)
[2024.07.15-08.56.14:457][ 25]LogModuleManager: Shutting down and abandoning module AvfMediaFactory (512)
[2024.07.15-08.56.14:457][ 25]LogModuleManager: Shutting down and abandoning module CharacterAI (510)
[2024.07.15-08.56.14:457][ 25]LogModuleManager: Shutting down and abandoning module MagicLeapMediaCodecFactory (508)
[2024.07.15-08.56.14:457][ 25]LogModuleManager: Shutting down and abandoning module MagicLeapMediaFactory (506)
[2024.07.15-08.56.14:457][ 25]LogModuleManager: Shutting down and abandoning module SessionServices (504)
[2024.07.15-08.56.14:457][ 25]LogModuleManager: Shutting down and abandoning module MovieSceneCapture (502)
[2024.07.15-08.56.14:457][ 25]LogModuleManager: Shutting down and abandoning module LiveCoding (500)
[2024.07.15-08.56.14:457][ 25]LogModuleManager: Shutting down and abandoning module LevelSequence (498)
[2024.07.15-08.56.14:457][ 25]LogModuleManager: Shutting down and abandoning module MovieSceneTracks (496)
[2024.07.15-08.56.14:457][ 25]LogModuleManager: Shutting down and abandoning module MovieScene (494)
[2024.07.15-08.56.14:457][ 25]LogModuleManager: Shutting down and abandoning module StreamingPauseRendering (492)
[2024.07.15-08.56.14:457][ 25]LogModuleManager: Shutting down and abandoning module PortalServices (490)
[2024.07.15-08.56.14:457][ 25]LogModuleManager: Shutting down and abandoning module PortalRpc (488)
[2024.07.15-08.56.14:457][ 25]LogModuleManager: Shutting down and abandoning module MessagingRpc (486)
[2024.07.15-08.56.14:457][ 25]LogModuleManager: Shutting down and abandoning module AudioMixerXAudio2 (484)
[2024.07.15-08.56.14:457][ 25]LogModuleManager: Shutting down and abandoning module AudioMixerCore (483)
[2024.07.15-08.56.14:457][ 25]LogModuleManager: Shutting down and abandoning module ImageWriteQueue (480)
[2024.07.15-08.56.14:460][ 25]LogModuleManager: Shutting down and abandoning module ProfilerService (478)
[2024.07.15-08.56.14:525][ 25]LogModuleManager: Shutting down and abandoning module TaskGraph (476)
[2024.07.15-08.56.14:525][ 25]LogModuleManager: Shutting down and abandoning module OculusInput (474)
[2024.07.15-08.56.14:525][ 25]LogModuleManager: Shutting down and abandoning module TakeMovieScene (472)
[2024.07.15-08.56.14:525][ 25]LogModuleManager: Shutting down and abandoning module Synthesis (470)
[2024.07.15-08.56.14:525][ 25]LogModuleManager: Shutting down and abandoning module ProceduralMeshComponent (468)
[2024.07.15-08.56.14:525][ 25]LogModuleManager: Shutting down and abandoning module MobilePatchingUtils (466)
[2024.07.15-08.56.14:525][ 25]LogModuleManager: Shutting down and abandoning module CableComponent (464)
[2024.07.15-08.56.14:525][ 25]LogModuleManager: Shutting down and abandoning module GooglePAD (462)
[2024.07.15-08.56.14:525][ 25]LogModuleManager: Shutting down and abandoning module EditableMesh (460)
[2024.07.15-08.56.14:525][ 25]LogModuleManager: Shutting down and abandoning module CustomMeshComponent (458)
[2024.07.15-08.56.14:525][ 25]LogModuleManager: Shutting down and abandoning module AssetTags (456)
[2024.07.15-08.56.14:525][ 25]LogModuleManager: Shutting down and abandoning module AudioCapture (454)
[2024.07.15-08.56.14:525][ 25]LogModuleManager: Shutting down and abandoning module AudioCaptureRtAudio (453)
[2024.07.15-08.56.14:525][ 25]LogModuleManager: Shutting down and abandoning module ArchVisCharacter (450)
[2024.07.15-08.56.14:525][ 25]LogModuleManager: Shutting down and abandoning module AppleImageUtilsBlueprintSupport (448)
[2024.07.15-08.56.14:525][ 25]LogModuleManager: Shutting down and abandoning module AppleImageUtils (446)
[2024.07.15-08.56.14:525][ 25]LogModuleManager: Shutting down and abandoning module AndroidPermission (444)
[2024.07.15-08.56.14:525][ 25]LogModuleManager: Shutting down and abandoning module ActorLayerUtilities (442)
[2024.07.15-08.56.14:525][ 25]LogModuleManager: Shutting down and abandoning module TemplateSequence (440)
[2024.07.15-08.56.14:525][ 25]LogModuleManager: Shutting down and abandoning module MotoSynth (438)
[2024.07.15-08.56.14:525][ 25]LogModuleManager: Shutting down and abandoning module OpenImageDenoise (436)
[2024.07.15-08.56.14:525][ 25]LogOpenImageDenoise: OIDN shutting down
[2024.07.15-08.56.14:525][ 25]LogModuleManager: Shutting down and abandoning module ImgMedia (434)
[2024.07.15-08.56.14:525][ 25]LogModuleManager: Shutting down and abandoning module MeshConversion (432)
[2024.07.15-08.56.14:525][ 25]LogModuleManager: Shutting down and abandoning module DynamicMesh (430)
[2024.07.15-08.56.14:526][ 25]LogModuleManager: Shutting down and abandoning module GeometryAlgorithms (428)
[2024.07.15-08.56.14:526][ 25]LogModuleManager: Shutting down and abandoning module GeometricObjects (426)
[2024.07.15-08.56.14:526][ 25]LogModuleManager: Shutting down and abandoning module GeometryCollectionTracks (424)
[2024.07.15-08.56.14:526][ 25]LogModuleManager: Shutting down and abandoning module GeometryCollectionSequencer (423)
[2024.07.15-08.56.14:526][ 25]LogModuleManager: Shutting down and abandoning module MediaCompositing (420)
[2024.07.15-08.56.14:526][ 25]LogModuleManager: Shutting down and abandoning module GeometryCacheTracks (418)
[2024.07.15-08.56.14:526][ 25]LogModuleManager: Shutting down and abandoning module GeometryCacheSequencer (417)
[2024.07.15-08.56.14:526][ 25]LogModuleManager: Shutting down and abandoning module GeometryCache (414)
[2024.07.15-08.56.14:526][ 25]LogModuleManager: Shutting down and abandoning module GeometryCacheEd (413)
[2024.07.15-08.56.14:526][ 25]LogModuleManager: Shutting down and abandoning module ChaosNiagara (410)
[2024.07.15-08.56.14:526][ 25]LogModuleManager: Shutting down and abandoning module FieldSystemEngine (409)
[2024.07.15-08.56.14:526][ 25]LogModuleManager: Shutting down and abandoning module BackChannel (406)
[2024.07.15-08.56.14:526][ 25]LogModuleManager: Shutting down and abandoning module AutomationUtils (404)
[2024.07.15-08.56.14:526][ 25]LogModuleManager: Shutting down and abandoning module MagicLeapSharedWorld (402)
[2024.07.15-08.56.14:526][ 25]LogModuleManager: Shutting down and abandoning module MagicLeapLightEstimation (400)
[2024.07.15-08.56.14:526][ 25]LogModuleManager: Shutting down and abandoning module MagicLeapHelperVulkan (398)
[2024.07.15-08.56.14:526][ 25]LogModuleManager: Shutting down and abandoning module MagicLeapHelperOpenGL (396)
[2024.07.15-08.56.14:526][ 25]LogModuleManager: Shutting down and abandoning module MagicLeapAudio (394)
[2024.07.15-08.56.14:526][ 25]LogModuleManager: Shutting down and abandoning module VisualStudioSourceCodeAccess (392)
[2024.07.15-08.56.14:526][ 25]LogModuleManager: Shutting down and abandoning module HotReload (391)
[2024.07.15-08.56.14:526][ 25]LogModuleManager: Shutting down and abandoning module VisualStudioCodeSourceCodeAccess (388)
[2024.07.15-08.56.14:526][ 25]LogModuleManager: Shutting down and abandoning module UObjectPlugin (386)
[2024.07.15-08.56.14:526][ 25]LogModuleManager: Shutting down and abandoning module SubversionSourceControl (384)
[2024.07.15-08.56.14:526][ 25]LogModuleManager: Shutting down and abandoning module CLionSourceCodeAccess (382)
[2024.07.15-08.56.14:526][ 25]LogModuleManager: Shutting down and abandoning module PerforceSourceControl (380)
[2024.07.15-08.56.14:526][ 25]LogModuleManager: Shutting down and abandoning module SourceControl (379)
[2024.07.15-08.56.14:526][ 25]LogModuleManager: Shutting down and abandoning module OodleNetworkHandlerComponent (376)
[2024.07.15-08.56.14:526][ 25]LogModuleManager: Shutting down and abandoning module LiveLinkSequencer (374)
[2024.07.15-08.56.14:526][ 25]LogModuleManager: Shutting down and abandoning module LiveLinkMovieScene (372)
[2024.07.15-08.56.14:526][ 25]LogModuleManager: Shutting down and abandoning module LiveLinkGraphNode (370)
[2024.07.15-08.56.14:526][ 25]LogModuleManager: Shutting down and abandoning module LiveLinkComponents (368)
[2024.07.15-08.56.14:526][ 25]LogModuleManager: Shutting down and abandoning module LiveLink (366)
[2024.07.15-08.56.15:319][ 25]LogModuleManager: Shutting down and abandoning module SoundFields (364)
[2024.07.15-08.56.15:319][ 25]LogModuleManager: Shutting down and abandoning module SignificanceManager (362)
[2024.07.15-08.56.15:319][ 25]LogModuleManager: Shutting down and abandoning module PropertyAccessEditor (360)
[2024.07.15-08.56.15:319][ 25]LogModuleManager: Shutting down and abandoning module RuntimePhysXCooking (358)
[2024.07.15-08.56.15:319][ 25]LogModuleManager: Shutting down and abandoning module PhysXVehiclesEditor (356)
[2024.07.15-08.56.15:319][ 25]LogModuleManager: Shutting down and abandoning module LocationServicesBPLibrary (352)
[2024.07.15-08.56.15:319][ 25]LogModuleManager: Shutting down and abandoning module AudioSynesthesia (350)
[2024.07.15-08.56.15:319][ 25]LogModuleManager: Shutting down and abandoning module AudioSynesthesiaCore (348)
[2024.07.15-08.56.15:319][ 25]LogModuleManager: Shutting down and abandoning module UdpMessaging (346)
[2024.07.15-08.56.15:420][ 25]LogModuleManager: Shutting down and abandoning module TcpMessaging (344)
[2024.07.15-08.56.15:520][ 25]LogModuleManager: Shutting down and abandoning module ActorSequence (342)
[2024.07.15-08.56.15:520][ 25]LogModuleManager: Shutting down and abandoning module PythonScriptPlugin (340)
[2024.07.15-08.56.15:520][ 25]LogModuleManager: Shutting down and abandoning module ImgMediaEngine (338)
[2024.07.15-08.56.15:520][ 25]LogModuleManager: Shutting down and abandoning module MagicLeapARPin (336)
[2024.07.15-08.56.15:520][ 25]LogModuleManager: Shutting down and abandoning module MagicLeapHandMeshing (334)
[2024.07.15-08.56.15:520][ 25]LogModuleManager: Shutting down and abandoning module MagicLeapSecureStorage (332)
[2024.07.15-08.56.15:520][ 25]LogModuleManager: Shutting down and abandoning module MagicLeapPrivileges (330)
[2024.07.15-08.56.15:520][ 25]LogModuleManager: Shutting down and abandoning module MagicLeapPlanes (328)
[2024.07.15-08.56.15:520][ 25]LogMagicLeapPlanes: Planes tracker already destroyed.
[2024.07.15-08.56.15:520][ 25]LogModuleManager: Shutting down and abandoning module MagicLeapImageTracker (326)
[2024.07.15-08.56.15:520][ 25]LogModuleManager: Shutting down and abandoning module MagicLeapIdentity (324)
[2024.07.15-08.56.15:520][ 25]LogModuleManager: Shutting down and abandoning module MagicLeapHandTracking (322)
[2024.07.15-08.56.15:520][ 25]LogModuleManager: Shutting down and abandoning module MagicLeapEyeTracker (320)
[2024.07.15-08.56.15:521][ 25]LogModuleManager: Shutting down and abandoning module MagicLeapController (318)
[2024.07.15-08.56.15:521][ 25]LogModuleManager: Shutting down and abandoning module MagicLeapARPinImpl (316)
[2024.07.15-08.56.15:521][ 25]LogModuleManager: Shutting down and abandoning module MagicLeapAR (314)
[2024.07.15-08.56.15:521][ 25]LogModuleManager: Shutting down and abandoning module NiagaraAnimNotifies (312)
[2024.07.15-08.56.15:521][ 25]LogModuleManager: Shutting down and abandoning module Niagara (310)
[2024.07.15-08.56.15:521][ 25]LogModuleManager: Shutting down and abandoning module SignalProcessing (309)
[2024.07.15-08.56.15:521][ 25]LogModuleManager: Shutting down and abandoning module NiagaraEditor (307)
[2024.07.15-08.56.15:521][ 25]LogModuleManager: Shutting down and abandoning module ContentBrowser (306)
[2024.07.15-08.56.15:521][ 25]LogModuleManager: Shutting down and abandoning module CollectionManager (305)
[2024.07.15-08.56.15:521][ 25]LogModuleManager: Shutting down and abandoning module DirectoryWatcher (304)
[2024.07.15-08.56.15:522][ 25]LogModuleManager: Shutting down and abandoning module ContentBrowserData (301)
[2024.07.15-08.56.15:522][ 25]LogModuleManager: Shutting down and abandoning module NiagaraCore (296)
[2024.07.15-08.56.15:522][ 25]LogModuleManager: Shutting down and abandoning module PropertyAccessNode (294)
[2024.07.15-08.56.15:522][ 25]LogModuleManager: Shutting down and abandoning module AnimationSharing (292)
[2024.07.15-08.56.15:522][ 25]LogModuleManager: Shutting down and abandoning module GameplayTagsEditor (290)
[2024.07.15-08.56.15:522][ 25]LogModuleManager: Shutting down and abandoning module FacialAnimation (288)
[2024.07.15-08.56.15:522][ 25]LogModuleManager: Shutting down and abandoning module AssetManagerEditor (286)
[2024.07.15-08.56.15:522][ 25]LogModuleManager: Shutting down and abandoning module TreeMap (285)
[2024.07.15-08.56.15:522][ 25]LogModuleManager: Shutting down and abandoning module GameplayCameras (282)
[2024.07.15-08.56.15:522][ 25]LogModuleManager: Shutting down and abandoning module LightPropagationVolumeRuntime (280)
[2024.07.15-08.56.15:522][ 25]LogModuleManager: Shutting down and abandoning module EnvironmentQueryEditor (278)
[2024.07.15-08.56.15:522][ 25]LogModuleManager: Shutting down and abandoning module Paper2D (276)
[2024.07.15-08.56.15:522][ 25]LogModuleManager: Shutting down and abandoning module WindowsMoviePlayer (274)
[2024.07.15-08.56.15:522][ 25]LogModuleManager: Shutting down and abandoning module WebMMoviePlayer (272)
[2024.07.15-08.56.15:522][ 25]LogModuleManager: Shutting down and abandoning module NetworkReplayStreaming (270)
[2024.07.15-08.56.15:522][ 25]LogModuleManager: Shutting down and abandoning module PacketHandler (268)
[2024.07.15-08.56.15:522][ 25]LogModuleManager: Shutting down and abandoning module ClothingSystemEditor (266)
[2024.07.15-08.56.15:522][ 25]LogModuleManager: Shutting down and abandoning module ClothingSystemRuntimeNv (264)
[2024.07.15-08.56.15:522][ 25]LogModuleManager: Shutting down and abandoning module MediaAssets (262)
[2024.07.15-08.56.15:522][ 25]LogModuleManager: Shutting down and abandoning module Overlay (260)
[2024.07.15-08.56.15:522][ 25]LogModuleManager: Shutting down and abandoning module OverlayEditor (259)
[2024.07.15-08.56.15:522][ 25]LogModuleManager: Shutting down and abandoning module VREditor (256)
[2024.07.15-08.56.15:522][ 25]LogModuleManager: Shutting down and abandoning module StringTableEditor (254)
[2024.07.15-08.56.15:522][ 25]LogModuleManager: Shutting down and abandoning module GameplayTasksEditor (252)
[2024.07.15-08.56.15:522][ 25]LogModuleManager: Shutting down and abandoning module BehaviorTreeEditor (250)
[2024.07.15-08.56.15:522][ 25]LogModuleManager: Shutting down and abandoning module FunctionalTesting (248)
[2024.07.15-08.56.15:522][ 25]LogModuleManager: Shutting down and abandoning module CollisionAnalyzer (246)
[2024.07.15-08.56.15:522][ 25]LogModuleManager: Shutting down and abandoning module WorkspaceMenuStructure (245)
[2024.07.15-08.56.15:522][ 25]LogModuleManager: Shutting down and abandoning module UMG (242)
[2024.07.15-08.56.15:522][ 25]LogModuleManager: Shutting down and abandoning module UMGEditor (241)
[2024.07.15-08.56.15:522][ 25]LogModuleManager: Shutting down and abandoning module Sequencer (240)
[2024.07.15-08.56.15:523][ 25]LogModuleManager: Shutting down and abandoning module MessageLog (237)
[2024.07.15-08.56.15:523][ 25]LogModuleManager: Shutting down and abandoning module SlateReflector (232)
[2024.07.15-08.56.15:523][ 25]LogModuleManager: Shutting down and abandoning module Slate (230)
[2024.07.15-08.56.15:523][ 25]LogModuleManager: Shutting down and abandoning module SlateCore (228)
[2024.07.15-08.56.15:524][ 25]LogModuleManager: Shutting down and abandoning module LandscapeEditorUtilities (226)
[2024.07.15-08.56.15:524][ 25]LogModuleManager: Shutting down and abandoning module UnrealEd (224)
[2024.07.15-08.56.15:524][ 25]LogModuleManager: Shutting down and abandoning module MRMesh (222)
[2024.07.15-08.56.15:524][ 25]LogModuleManager: Shutting down and abandoning module Messaging (220)
[2024.07.15-08.56.15:524][ 25]LogModuleManager: Shutting down and abandoning module SourceCodeAccess (218)
[2024.07.15-08.56.15:524][ 25]LogModuleManager: Shutting down and abandoning module HeadMountedDisplay (216)
[2024.07.15-08.56.15:524][ 25]LogModuleManager: Shutting down and abandoning module XAudio2 (214)
[2024.07.15-08.56.15:524][ 25]LogModuleManager: Shutting down and abandoning module Networking (212)
[2024.07.15-08.56.15:524][ 25]LogModuleManager: Shutting down and abandoning module Core (210)
[2024.07.15-08.56.15:524][ 25]LogModuleManager: Shutting down and abandoning module MaterialEditor (208)
[2024.07.15-08.56.15:524][ 25]LogModuleManager: Shutting down and abandoning module MovieSceneTools (206)
[2024.07.15-08.56.15:524][ 25]LogModuleManager: Shutting down and abandoning module EditorStyle (205)
[2024.07.15-08.56.15:524][ 25]LogModuleManager: Shutting down and abandoning module KismetCompiler (202)
[2024.07.15-08.56.15:524][ 25]LogModuleManager: Shutting down and abandoning module MeshBuilder (200)
[2024.07.15-08.56.15:524][ 25]LogModuleManager: Shutting down and abandoning module MeshUtilities (198)
[2024.07.15-08.56.15:524][ 25]LogModuleManager: Shutting down and abandoning module MeshMergeUtilities (197)
[2024.07.15-08.56.15:524][ 25]LogModuleManager: Shutting down and abandoning module MeshReductionInterface (196)
[2024.07.15-08.56.15:524][ 25]LogModuleManager: Shutting down and abandoning module MeshBoneReduction (195)
[2024.07.15-08.56.15:524][ 25]LogModuleManager: Shutting down and abandoning module SkeletalMeshReduction (193)
[2024.07.15-08.56.15:524][ 25]LogModuleManager: Shutting down and abandoning module ProxyLODMeshReduction (191)
[2024.07.15-08.56.15:524][ 25]LogModuleManager: Shutting down and abandoning module QuadricMeshReduction (189)
[2024.07.15-08.56.15:524][ 25]LogModuleManager: Shutting down and abandoning module MaterialBaking (185)
[2024.07.15-08.56.15:524][ 25]LogModuleManager: Shutting down and abandoning module NullInstallBundleManager (180)
[2024.07.15-08.56.15:525][ 25]LogModuleManager: Shutting down and abandoning module PIEPreviewDeviceProfileSelector (178)
[2024.07.15-08.56.15:525][ 25]LogModuleManager: Shutting down and abandoning module DerivedDataCache (176)
[2024.07.15-08.56.15:525][ 25]LogModuleManager: Shutting down and abandoning module TargetPlatform (174)
[2024.07.15-08.56.15:525][ 25]LogModuleManager: Shutting down and abandoning module VulkanShaderFormat (173)
[2024.07.15-08.56.15:525][ 25]LogModuleManager: Shutting down and abandoning module ShaderFormatVectorVM (171)
[2024.07.15-08.56.15:525][ 25]LogModuleManager: Shutting down and abandoning module ShaderFormatOpenGL (169)
[2024.07.15-08.56.15:525][ 25]LogModuleManager: Shutting down and abandoning module ShaderFormatD3D (167)
[2024.07.15-08.56.15:525][ 25]LogModuleManager: Shutting down and abandoning module MetalShaderFormat (165)
[2024.07.15-08.56.15:525][ 25]LogModuleManager: Shutting down and abandoning module TextureFormatOodle (163)
[2024.07.15-08.56.15:525][ 25]LogModuleManager: Shutting down and abandoning module TextureFormatUncompressed (161)
[2024.07.15-08.56.15:525][ 25]LogModuleManager: Shutting down and abandoning module TextureFormatPVR (159)
[2024.07.15-08.56.15:525][ 25]LogModuleManager: Shutting down and abandoning module TextureFormatETC2 (157)
[2024.07.15-08.56.15:525][ 25]LogModuleManager: Shutting down and abandoning module TextureFormatDXT (155)
[2024.07.15-08.56.15:525][ 25]LogModuleManager: Shutting down and abandoning module TextureFormatIntelISPCTexComp (153)
[2024.07.15-08.56.15:525][ 25]LogModuleManager: Shutting down and abandoning module TextureFormatASTC (151)
[2024.07.15-08.56.15:525][ 25]LogModuleManager: Shutting down and abandoning module ImageWrapper (150)
[2024.07.15-08.56.15:525][ 25]LogModuleManager: Shutting down and abandoning module AudioFormatOpus (147)
[2024.07.15-08.56.15:525][ 25]LogModuleManager: Shutting down and abandoning module AudioFormatOgg (145)
[2024.07.15-08.56.15:525][ 25]LogModuleManager: Shutting down and abandoning module AudioFormatADPCM (143)
[2024.07.15-08.56.15:525][ 25]LogModuleManager: Shutting down and abandoning module WindowsServerTargetPlatform (141)
[2024.07.15-08.56.15:525][ 25]LogModuleManager: Shutting down and abandoning module WindowsClientTargetPlatform (139)
[2024.07.15-08.56.15:525][ 25]LogModuleManager: Shutting down and abandoning module WindowsTargetPlatform (137)
[2024.07.15-08.56.15:525][ 25]LogModuleManager: Shutting down and abandoning module WindowsNoEditorTargetPlatform (135)
[2024.07.15-08.56.15:525][ 25]LogModuleManager: Shutting down and abandoning module D3D11RHI (132)
[2024.07.15-08.56.15:525][ 25]LogModuleManager: Shutting down and abandoning module InputCore (130)
[2024.07.15-08.56.15:525][ 25]LogModuleManager: Shutting down and abandoning module Settings (128)
[2024.07.15-08.56.15:525][ 25]LogModuleManager: Shutting down and abandoning module PhysXCooking (126)
[2024.07.15-08.56.15:525][ 25]LogModuleManager: Shutting down and abandoning module Chaos (124)
[2024.07.15-08.56.15:525][ 25]LogModuleManager: Shutting down and abandoning module WindowsPlatformFeatures (122)
[2024.07.15-08.56.15:525][ 25]LogModuleManager: Shutting down and abandoning module GameplayMediaEncoder (121)
[2024.07.15-08.56.15:525][ 25]LogModuleManager: Shutting down and abandoning module AVEncoder (120)
[2024.07.15-08.56.15:525][ 25]LogModuleManager: Shutting down and abandoning module SteamVRInputDevice (116)
[2024.07.15-08.56.15:525][ 25]LogModuleManager: Shutting down and abandoning module SteamVRInput (114)
[2024.07.15-08.56.15:525][ 25]LogModuleManager: Shutting down and abandoning module SteamVR (112)
[2024.07.15-08.56.15:525][ 25]LogHMD: Freeing OpenVRDLLHandle.
[2024.07.15-08.56.15:525][ 25]LogModuleManager: Shutting down and abandoning module OculusHMD (110)
[2024.07.15-08.56.15:525][ 25]LogModuleManager: Shutting down and abandoning module OpenXRHandTracking (108)
[2024.07.15-08.56.15:525][ 25]LogSlate: Slate User Destroyed.  User Index 0, Is Virtual User: 0
[2024.07.15-08.56.15:525][ 25]LogModuleManager: Shutting down and abandoning module OpenXREyeTracker (106)
[2024.07.15-08.56.15:525][ 25]LogModuleManager: Shutting down and abandoning module OpenXRAR (104)
[2024.07.15-08.56.15:525][ 25]LogModuleManager: Shutting down and abandoning module AugmentedReality (103)
[2024.07.15-08.56.15:525][ 25]LogModuleManager: Shutting down and abandoning module OpenXRHMD (100)
[2024.07.15-08.56.15:525][ 25]LogModuleManager: Shutting down and abandoning module ExampleDeviceProfileSelector (98)
[2024.07.15-08.56.15:525][ 25]LogModuleManager: Shutting down and abandoning module ChunkDownloader (96)
[2024.07.15-08.56.15:525][ 25]LogModuleManager: Shutting down and abandoning module OnlineBlueprintSupport (94)
[2024.07.15-08.56.15:525][ 25]LogModuleManager: Shutting down and abandoning module OnlineSubsystem (90)
[2024.07.15-08.56.15:526][ 25]LogModuleManager: Shutting down and abandoning module XMPP (85)
[2024.07.15-08.56.15:526][ 25]LogModuleManager: Shutting down and abandoning module WebSockets (84)
[2024.07.15-08.56.15:546][ 25]LogModuleManager: Shutting down and abandoning module HTTP (81)
[2024.07.15-08.56.15:546][ 25]LogHttp: Display: cleaning up 0 outstanding Http requests.
[2024.07.15-08.56.15:569][ 25]LogModuleManager: Shutting down and abandoning module SSL (80)
[2024.07.15-08.56.15:570][ 25]LogModuleManager: Shutting down and abandoning module LauncherChunkInstaller (76)
[2024.07.15-08.56.15:570][ 25]LogModuleManager: Shutting down and abandoning module ExrReaderGpu (74)
[2024.07.15-08.56.15:570][ 25]LogModuleManager: Shutting down and abandoning module WmfMedia (72)
[2024.07.15-08.56.15:572][ 25]LogModuleManager: Shutting down and abandoning module Media (71)
[2024.07.15-08.56.15:573][ 25]LogModuleManager: Shutting down and abandoning module MediaInfo (70)
[2024.07.15-08.56.15:573][ 25]LogModuleManager: Shutting down and abandoning module ChaosCloth (66)
[2024.07.15-08.56.15:573][ 25]LogModuleManager: Shutting down and abandoning module MLSDK (64)
[2024.07.15-08.56.15:573][ 25]LogModuleManager: Shutting down and abandoning module MagicLeap (62)
[2024.07.15-08.56.15:573][ 25]LogModuleManager: Shutting down and abandoning module VariantManagerContent (60)
[2024.07.15-08.56.15:573][ 25]LogModuleManager: Shutting down and abandoning module NiagaraVertexFactories (58)
[2024.07.15-08.56.15:573][ 25]LogModuleManager: Shutting down and abandoning module NiagaraShader (56)
[2024.07.15-08.56.15:573][ 25]LogModuleManager: Shutting down and abandoning module DatasmithContent (54)
[2024.07.15-08.56.15:574][ 25]LogModuleManager: Shutting down and abandoning module PixWinPlugin (52)
[2024.07.15-08.56.15:574][ 25]LogModuleManager: Shutting down and abandoning module AISupportModule (50)
[2024.07.15-08.56.15:574][ 25]LogModuleManager: Shutting down and abandoning module DesktopPlatform (48)
[2024.07.15-08.56.15:574][ 25]LogModuleManager: Shutting down and abandoning module PythonScriptPluginPreload (46)
[2024.07.15-08.56.15:574][ 25]LogModuleManager: Shutting down and abandoning module PlatformCryptoOpenSSL (44)
[2024.07.15-08.56.15:574][ 25]LogModuleManager: Shutting down and abandoning module PlatformCryptoTypes (42)
[2024.07.15-08.56.15:574][ 25]LogModuleManager: Shutting down and abandoning module PlatformCrypto (40)
[2024.07.15-08.56.15:574][ 25]LogModuleManager: Shutting down and abandoning module OodleDataCompressionFormat (38)
[2024.07.15-08.56.15:574][ 25]LogModuleManager: Shutting down and abandoning module XGEController (36)
[2024.07.15-08.56.15:574][ 25]LogModuleManager: Shutting down and abandoning module AnimationModifiers (34)
[2024.07.15-08.56.15:574][ 25]LogModuleManager: Shutting down and abandoning module AudioEditor (32)
[2024.07.15-08.56.15:574][ 25]LogModuleManager: Shutting down and abandoning module PropertyEditor (31)
[2024.07.15-08.56.15:574][ 25]LogModuleManager: Shutting down and abandoning module TextureCompressor (28)
[2024.07.15-08.56.15:574][ 25]LogModuleManager: Shutting down and abandoning module RenderCore (26)
[2024.07.15-08.56.15:574][ 25]LogModuleManager: Shutting down and abandoning module Landscape (24)
[2024.07.15-08.56.15:574][ 25]LogModuleManager: Shutting down and abandoning module SlateRHIRenderer (22)
[2024.07.15-08.56.15:574][ 25]LogModuleManager: Shutting down and abandoning module AnimGraphRuntime (20)
[2024.07.15-08.56.15:574][ 25]LogModuleManager: Shutting down and abandoning module Renderer (18)
[2024.07.15-08.56.15:574][ 25]LogModuleManager: Shutting down and abandoning module Engine (16)
[2024.07.15-08.56.15:574][ 25]LogModuleManager: Shutting down and abandoning module CoreUObject (14)
[2024.07.15-08.56.15:574][ 25]LogModuleManager: Shutting down and abandoning module NetworkFile (12)
[2024.07.15-08.56.15:574][ 25]LogModuleManager: Shutting down and abandoning module CookedIterativeFile (10)
[2024.07.15-08.56.15:574][ 25]LogModuleManager: Shutting down and abandoning module StreamingFile (8)
[2024.07.15-08.56.15:574][ 25]LogModuleManager: Shutting down and abandoning module SandboxFile (6)
[2024.07.15-08.56.15:574][ 25]LogModuleManager: Shutting down and abandoning module PakFile (4)
[2024.07.15-08.56.15:574][ 25]LogModuleManager: Shutting down and abandoning module RSA (3)
[2024.07.15-08.56.16:028][ 25]LogContentStreaming: Display: There are 1 unreleased StreamingManagers
[2024.07.15-08.56.16:048][ 25]LogD3D11RHI: Shutdown
[2024.07.15-08.56.16:048][ 25]LogD3D11RHI: CleanupD3DDevice
[2024.07.15-08.56.16:049][ 25]LogExit: Exiting.
[2024.07.15-08.56.16:057][ 25]Log file closed, 07/15/24 17:56:16
